#
# A fatal error has been detected by the Java Runtime Environment:
#
#  EXCEPTION_ACCESS_VIOLATION (0xc0000005) at pc=0x000000007253b620, pid=3484, tid=6264
#
# JRE version: Java(TM) SE Runtime Environment (8.0_65-b17) (build 1.8.0_65-b17)
# Java VM: Java HotSpot(TM) 64-Bit Server VM (25.65-b01 mixed mode windows-amd64 compressed oops)
# Problematic frame:
# V  [jvm.dll+0xeb620]
#
# Failed to write core dump. Minidumps are not enabled by default on client versions of Windows
#
# If you would like to submit a bug report, please visit:
#   http://bugreport.java.com/bugreport/crash.jsp
#

---------------  T H R E A D  ---------------

Current thread (0x000000001ae9f800):  JavaThread "Daemon worker Thread 6" [_thread_in_vm, id=6264, stack(0x00000000188f0000,0x00000000189f0000)]

siginfo: ExceptionCode=0xc0000005, writing address 0x0000000000000011

Registers:
RAX=0x0000000000000011, RBX=0x0000000000000000, RCX=0x0000000000000011, RDX=0x0000000000000000
RSP=0x00000000189e9f08, RBP=0x00000000000007ff, RSI=0x00000000ef9cb490, RDI=0x0000000000000010
R8 =0x0000000000000010, R9 =0x0000000000000010, R10=0x00000000ef9cb468, R11=0x0000000000000000
R12=0x0000000000000000, R13=0x00000000162e51f0, R14=0x00000000162e5200, R15=0x00000000162e55d8
RIP=0x000000007253b620, EFLAGS=0x0000000000010246

Top of Stack: (sp=0x00000000189e9f08)
0x00000000189e9f08:   00000000726c9d48 00000000189e9ff0
0x00000000189e9f18:   0000000000000000 000000001ae9f800
0x00000000189e9f28:   00000000724cd50d 00000000ef9cb468
0x00000000189e9f38:   00000000725942d0 0000000000000010
0x00000000189e9f48:   0000000019d873c0 000000001ae9f800
0x00000000189e9f58:   00000000189ea100 0000000000000000
0x00000000189e9f68:   000000007259351e 000000001ae9f800
0x00000000189e9f78:   0000000000000000 0000000000000000
0x00000000189e9f88:   000000007259336c 0000000000000010
0x00000000189e9f98:   000000001ae9f9f8 0000000000000000
0x00000000189e9fa8:   00000000189ea0f0 00000000189e9ff0
0x00000000189e9fb8:   0000000074261aee 00000000000003d8
0x00000000189e9fc8:   00000000ef9cb400 00000000189ea100
0x00000000189e9fd8:   0000000000000000 00000000189e9ff0
0x00000000189e9fe8:   00000001000016d0 646172672f67726f
0x00000000189e9ff8:   692f6970612f656c 2f6c616e7265746e 

Instructions: (pc=0x000000007253b620)
0x000000007253b600:   ff ff ff cc cc cc cc cc cc cc cc cc cc cc cc cc
0x000000007253b610:   48 8b 89 30 01 00 00 e9 44 a3 f3 ff cc cc cc cc
0x000000007253b620:   48 89 5c 24 08 57 48 83 ec 20 48 8b f9 8b 0d 65
0x000000007253b630:   c0 6b 00 8b da ff 15 b5 7d 4e 00 44 8b c3 48 8b 


Register to memory mapping:

RAX=0x0000000000000011 is an unknown value
RBX=0x0000000000000000 is an unknown value
RCX=0x0000000000000011 is an unknown value
RDX=0x0000000000000000 is an unknown value
RSP=0x00000000189e9f08 is pointing into the stack for thread: 0x000000001ae9f800
RBP=0x00000000000007ff is an unknown value
RSI=0x00000000ef9cb490 is an oop

[error occurred during error reporting (printing register info), id 0xc0000005]

Stack: [0x00000000188f0000,0x00000000189f0000],  sp=0x00000000189e9f08,  free space=999k
Native frames: (J=compiled Java code, j=interpreted, Vv=VM code, C=native code)
V  [jvm.dll+0xeb620]
V  [jvm.dll+0x279d48]
V  [jvm.dll+0x1442d0]
C  [java.dll+0x1aee]
C  0x00000000025ad745

Java frames: (J=compiled Java code, j=interpreted, Vv=VM code)
J 1386  java.lang.Class.forName0(Ljava/lang/String;ZLjava/lang/ClassLoader;Ljava/lang/Class;)Ljava/lang/Class; (0 bytes) @ 0x00000000025ad6c7 [0x00000000025ad640+0x87]
J 8513 C2 sun.reflect.generics.visitor.Reifier.visitClassTypeSignature(Lsun/reflect/generics/tree/ClassTypeSignature;)V (381 bytes) @ 0x0000000003b45f84 [0x0000000003b45be0+0x3a4]
J 8514 C2 sun.reflect.generics.tree.ClassTypeSignature.accept(Lsun/reflect/generics/visitor/TypeTreeVisitor;)V (8 bytes) @ 0x0000000003b3a9a8 [0x0000000003b3a960+0x48]
J 3631 C2 java.lang.reflect.Executable.sharedToGenericString(IZ)Ljava/lang/String; (329 bytes) @ 0x0000000002f7a998 [0x0000000002f798e0+0x10b8]
J 10249 C2 java.lang.reflect.Method.toGenericString()Ljava/lang/String; (12 bytes) @ 0x0000000002294ed0 [0x0000000002294e60+0x70]
J 12325 C2 java.beans.MethodRef.find(Ljava/lang/Class;Ljava/lang/String;)Ljava/lang/reflect/Method; (62 bytes) @ 0x0000000003725f2c [0x00000000037255a0+0x98c]
J 10047 C1 java.beans.MethodRef.get()Ljava/lang/reflect/Method; (92 bytes) @ 0x0000000003f7398c [0x0000000003f734c0+0x4cc]
J 10048 C1 java.beans.PropertyDescriptor.getReadMethod()Ljava/lang/reflect/Method; (175 bytes) @ 0x0000000003f74cb4 [0x0000000003f74ae0+0x1d4]
J 4028 C1 groovy.lang.MetaClassImpl.applyPropertyDescriptors([Ljava/beans/PropertyDescriptor;)V (151 bytes) @ 0x0000000002fc6194 [0x0000000002fc5780+0xa14]
J 7245 C1 groovy.lang.MetaClassImpl.setupProperties([Ljava/beans/PropertyDescriptor;)V (300 bytes) @ 0x00000000032df4e4 [0x00000000032dc8c0+0x2c24]
J 7244 C1 groovy.lang.MetaClassImpl.addProperties()V (230 bytes) @ 0x0000000002395a0c [0x00000000023954e0+0x52c]
J 7242 C1 groovy.lang.MetaClassImpl.initialize()V (35 bytes) @ 0x000000000233251c [0x00000000023322c0+0x25c]
J 11952 C2 org.codehaus.groovy.reflection.ClassInfo.getMetaClass()Lgroovy/lang/MetaClass; (33 bytes) @ 0x0000000003ce4624 [0x0000000003ce4240+0x3e4]
J 3241 C1 groovy.lang.MetaClassImpl.findPropertyInClassHierarchy(Ljava/lang/String;Lorg/codehaus/groovy/reflection/CachedClass;)Lgroovy/lang/MetaBeanProperty; (96 bytes) @ 0x00000000022d546c [0x00000000022d4e40+0x62c]
J 3241 C1 groovy.lang.MetaClassImpl.findPropertyInClassHierarchy(Ljava/lang/String;Lorg/codehaus/groovy/reflection/CachedClass;)Lgroovy/lang/MetaBeanProperty; (96 bytes) @ 0x00000000022d571c [0x00000000022d4e40+0x8dc]
J 3241 C1 groovy.lang.MetaClassImpl.findPropertyInClassHierarchy(Ljava/lang/String;Lorg/codehaus/groovy/reflection/CachedClass;)Lgroovy/lang/MetaBeanProperty; (96 bytes) @ 0x00000000022d571c [0x00000000022d4e40+0x8dc]
J 11976 C1 groovy.lang.MetaClassImpl.getMetaProperty(Ljava/lang/String;)Lgroovy/lang/MetaProperty; (129 bytes) @ 0x0000000003cc072c [0x0000000003cbf540+0x11ec]
J 11906 C1 groovy.lang.MetaClassImpl.hasProperty(Ljava/lang/Object;Ljava/lang/String;)Lgroovy/lang/MetaProperty; (6 bytes) @ 0x0000000003cc8184 [0x0000000003cc8080+0x104]
J 10081 C2 org.gradle.api.internal.CompositeDynamicObject.getProperty(Ljava/lang/String;)Ljava/lang/Object; (128 bytes) @ 0x0000000003fd4428 [0x0000000003fd42c0+0x168]
j  org.gradle.api.tasks.Delete_Decorated.getProperty(Ljava/lang/String;)Ljava/lang/Object;+5
J 7321 C1 org.codehaus.groovy.runtime.InvokerHelper.getProperty(Ljava/lang/Object;Ljava/lang/String;)Ljava/lang/Object; (75 bytes) @ 0x00000000036ea18c [0x00000000036e8c00+0x158c]
J 10058 C1 groovy.lang.Closure.getPropertyTryThese(Ljava/lang/String;Ljava/lang/Object;Ljava/lang/Object;)Ljava/lang/Object; (60 bytes) @ 0x000000000234d1f4 [0x000000000234d160+0x94]
J 8095 C1 groovy.lang.Closure.getProperty(Ljava/lang/String;)Ljava/lang/Object; (204 bytes) @ 0x000000000280f7f4 [0x000000000280e380+0x1474]
J 10107 C2 org.codehaus.groovy.runtime.callsite.PogoGetPropertySite.getProperty(Ljava/lang/Object;)Ljava/lang/Object; (20 bytes) @ 0x0000000003fdd110 [0x0000000003fdd0a0+0x70]
J 7333 C1 org.codehaus.groovy.runtime.callsite.AbstractCallSite.callGroovyObjectGetProperty(Ljava/lang/Object;)Ljava/lang/Object; (33 bytes) @ 0x00000000036f1144 [0x00000000036f0f00+0x244]
j  build_5cdtdq7gvxsoptucnjv5t2l2v$_run_closure2.doCall(Ljava/lang/Object;)Ljava/lang/Object;+18
v  ~StubRoutines::call_stub
J 1468  sun.reflect.NativeMethodAccessorImpl.invoke0(Ljava/lang/reflect/Method;Ljava/lang/Object;[Ljava/lang/Object;)Ljava/lang/Object; (0 bytes) @ 0x00000000022969bf [0x0000000002296940+0x7f]
J 8540 C2 sun.reflect.NativeMethodAccessorImpl.invoke(Ljava/lang/Object;[Ljava/lang/Object;)Ljava/lang/Object; (104 bytes) @ 0x0000000003b536d0 [0x0000000003b53660+0x70]
J 10082 C2 groovy.lang.MetaMethod.doMethodInvoke(Ljava/lang/Object;[Ljava/lang/Object;)Ljava/lang/Object; (22 bytes) @ 0x0000000003fcd8b0 [0x0000000003fcd6e0+0x1d0]
J 7204 C1 org.codehaus.groovy.runtime.metaclass.ClosureMetaClass.invokeMethod(Ljava/lang/Class;Ljava/lang/Object;Ljava/lang/String;[Ljava/lang/Object;ZZ)Ljava/lang/Object; (894 bytes) @ 0x0000000002aadc34 [0x0000000002aa9b40+0x40f4]
J 7094 C1 groovy.lang.MetaClassImpl.invokeMethod(Ljava/lang/Object;Ljava/lang/String;[Ljava/lang/Object;)Ljava/lang/Object; (14 bytes) @ 0x00000000036187ac [0x0000000003618680+0x12c]
J 7226 C1 groovy.lang.Closure.call([Ljava/lang/Object;)Ljava/lang/Object; (30 bytes) @ 0x0000000002a4c254 [0x0000000002a4be20+0x434]
J 7247 C1 groovy.lang.Closure.call(Ljava/lang/Object;)Ljava/lang/Object; (13 bytes) @ 0x0000000002aa806c [0x0000000002aa7dc0+0x2ac]
j  org.gradle.api.internal.ClosureBackedAction.execute(Ljava/lang/Object;)V+80
j  org.gradle.util.ConfigureUtil.configure(Lgroovy/lang/Closure;Ljava/lang/Object;IZ)Ljava/lang/Object;+15
j  org.gradle.util.ConfigureUtil.configure(Lgroovy/lang/Closure;Ljava/lang/Object;Z)Ljava/lang/Object;+4
j  org.gradle.api.internal.AbstractTask.configure(Lgroovy/lang/Closure;)Lorg/gradle/api/Task;+3
j  org.gradle.api.internal.project.AbstractProject.task(Ljava/util/Map;Ljava/lang/String;Lgroovy/lang/Closure;)Lorg/gradle/api/Task;+21
v  ~StubRoutines::call_stub
J 1468  sun.reflect.NativeMethodAccessorImpl.invoke0(Ljava/lang/reflect/Method;Ljava/lang/Object;[Ljava/lang/Object;)Ljava/lang/Object; (0 bytes) @ 0x00000000022969bf [0x0000000002296940+0x7f]
J 8540 C2 sun.reflect.NativeMethodAccessorImpl.invoke(Ljava/lang/Object;[Ljava/lang/Object;)Ljava/lang/Object; (104 bytes) @ 0x0000000003b536d0 [0x0000000003b53660+0x70]
J 10082 C2 groovy.lang.MetaMethod.doMethodInvoke(Ljava/lang/Object;[Ljava/lang/Object;)Ljava/lang/Object; (22 bytes) @ 0x0000000003fcd8b0 [0x0000000003fcd6e0+0x1d0]
J 7313 C1 groovy.lang.MetaClassImpl.invokeMethod(Ljava/lang/Class;Ljava/lang/Object;Ljava/lang/String;[Ljava/lang/Object;ZZ)Ljava/lang/Object; (1093 bytes) @ 0x000000000371a5dc [0x00000000037152a0+0x533c]
J 7094 C1 groovy.lang.MetaClassImpl.invokeMethod(Ljava/lang/Object;Ljava/lang/String;[Ljava/lang/Object;)Ljava/lang/Object; (14 bytes) @ 0x00000000036187ac [0x0000000003618680+0x12c]
j  org.gradle.api.internal.BeanDynamicObject$MetaClassAdapter.invokeMethod(Ljava/lang/String;[Ljava/lang/Object;)Ljava/lang/Object;+16
j  org.gradle.api.internal.BeanDynamicObject.invokeMethod(Ljava/lang/String;[Ljava/lang/Object;)Ljava/lang/Object;+6
j  org.gradle.api.internal.CompositeDynamicObject.invokeMethod(Ljava/lang/String;[Ljava/lang/Object;)Ljava/lang/Object;+41
j  org.gradle.groovy.scripts.BasicScript.methodMissing(Ljava/lang/String;Ljava/lang/Object;)Ljava/lang/Object;+12
v  ~StubRoutines::call_stub
J 1468  sun.reflect.NativeMethodAccessorImpl.invoke0(Ljava/lang/reflect/Method;Ljava/lang/Object;[Ljava/lang/Object;)Ljava/lang/Object; (0 bytes) @ 0x00000000022969bf [0x0000000002296940+0x7f]
J 8540 C2 sun.reflect.NativeMethodAccessorImpl.invoke(Ljava/lang/Object;[Ljava/lang/Object;)Ljava/lang/Object; (104 bytes) @ 0x0000000003b536d0 [0x0000000003b53660+0x70]
J 7233 C2 org.codehaus.groovy.reflection.CachedMethod.invoke(Ljava/lang/Object;[Ljava/lang/Object;)Ljava/lang/Object; (70 bytes) @ 0x0000000002c97708 [0x0000000002c97680+0x88]
j  groovy.lang.MetaClassImpl.invokeMissingMethod(Ljava/lang/Object;Ljava/lang/String;[Ljava/lang/Object;Ljava/lang/RuntimeException;Z)Ljava/lang/Object;+184
j  groovy.lang.MetaClassImpl.invokePropertyOrMissing(Ljava/lang/Object;Ljava/lang/String;[Ljava/lang/Object;ZZ)Ljava/lang/Object;+153
J 7313 C1 groovy.lang.MetaClassImpl.invokeMethod(Ljava/lang/Class;Ljava/lang/Object;Ljava/lang/String;[Ljava/lang/Object;ZZ)Ljava/lang/Object; (1093 bytes) @ 0x000000000371a63c [0x00000000037152a0+0x539c]
J 7094 C1 groovy.lang.MetaClassImpl.invokeMethod(Ljava/lang/Object;Ljava/lang/String;[Ljava/lang/Object;)Ljava/lang/Object; (14 bytes) @ 0x00000000036187ac [0x0000000003618680+0x12c]
J 10378 C1 org.codehaus.groovy.runtime.callsite.PogoMetaClassSite.callCurrent(Lgroovy/lang/GroovyObject;[Ljava/lang/Object;)Ljava/lang/Object; (92 bytes) @ 0x00000000040b86b4 [0x00000000040b8240+0x474]
j  org.codehaus.groovy.runtime.callsite.CallSiteArray.defaultCallCurrent(Lorg/codehaus/groovy/runtime/callsite/CallSite;Lgroovy/lang/GroovyObject;[Ljava/lang/Object;)Ljava/lang/Object;+17
j  org.codehaus.groovy.runtime.callsite.AbstractCallSite.callCurrent(Lgroovy/lang/GroovyObject;[Ljava/lang/Object;)Ljava/lang/Object;+3
j  org.codehaus.groovy.runtime.callsite.AbstractCallSite.callCurrent(Lgroovy/lang/GroovyObject;Ljava/lang/Object;Ljava/lang/Object;Ljava/lang/Object;)Ljava/lang/Object;+42
j  build_5cdtdq7gvxsoptucnjv5t2l2v.run()Ljava/lang/Object;+57
j  org.gradle.groovy.scripts.internal.DefaultScriptRunnerFactory$ScriptRunnerImpl.run(Ljava/lang/Object;Lorg/gradle/internal/service/ServiceRegistry;)V+60
j  org.gradle.configuration.DefaultScriptPluginFactory$ScriptPluginImpl$1.run()V+12
j  org.gradle.configuration.ProjectScriptTarget.addConfiguration(Ljava/lang/Runnable;Z)V+18
j  org.gradle.configuration.DefaultScriptPluginFactory$ScriptPluginImpl.apply(Ljava/lang/Object;)V+512
j  org.gradle.configuration.project.BuildScriptProcessor.execute(Lorg/gradle/api/internal/project/ProjectInternal;)V+80
j  org.gradle.configuration.project.BuildScriptProcessor.execute(Ljava/lang/Object;)V+5
j  org.gradle.configuration.project.ConfigureActionsProjectEvaluator.evaluate(Lorg/gradle/api/internal/project/ProjectInternal;Lorg/gradle/api/internal/project/ProjectStateInternal;)V+33
j  org.gradle.configuration.project.LifecycleProjectEvaluator.evaluate(Lorg/gradle/api/internal/project/ProjectInternal;Lorg/gradle/api/internal/project/ProjectStateInternal;)V+54
j  org.gradle.api.internal.project.AbstractProject.evaluate()Lorg/gradle/api/internal/project/AbstractProject;+9
j  org.gradle.api.internal.project.AbstractProject.evaluate()Lorg/gradle/api/Project;+1
j  org.gradle.execution.TaskPathProjectEvaluator.configure(Lorg/gradle/api/internal/project/ProjectInternal;)V+21
j  org.gradle.configuration.DefaultBuildConfigurer.configure(Lorg/gradle/api/internal/GradleInternal;)V+32
j  org.gradle.initialization.DefaultGradleLauncher$2.run()V+14
J 3744 C1 org.gradle.internal.Factories$1.create()Ljava/lang/Object; (11 bytes) @ 0x00000000025d7244 [0x00000000025d7140+0x104]
j  org.gradle.internal.progress.DefaultBuildOperationExecutor.run(Lorg/gradle/internal/progress/BuildOperationDetails;Lorg/gradle/internal/Factory;)Ljava/lang/Object;+171
j  org.gradle.internal.progress.DefaultBuildOperationExecutor.run(Ljava/lang/String;Ljava/lang/Runnable;)V+12
j  org.gradle.initialization.DefaultGradleLauncher.doBuildStages(Lorg/gradle/initialization/DefaultGradleLauncher$Stage;)V+39
j  org.gradle.initialization.DefaultGradleLauncher.access$200(Lorg/gradle/initialization/DefaultGradleLauncher;Lorg/gradle/initialization/DefaultGradleLauncher$Stage;)V+2
j  org.gradle.initialization.DefaultGradleLauncher$1.create()Lorg/gradle/BuildResult;+29
j  org.gradle.initialization.DefaultGradleLauncher$1.create()Ljava/lang/Object;+1
j  org.gradle.internal.progress.DefaultBuildOperationExecutor.run(Lorg/gradle/internal/progress/BuildOperationDetails;Lorg/gradle/internal/Factory;)Ljava/lang/Object;+171
j  org.gradle.internal.progress.DefaultBuildOperationExecutor.run(Ljava/lang/String;Lorg/gradle/internal/Factory;)Ljava/lang/Object;+9
j  org.gradle.initialization.DefaultGradleLauncher.doBuild(Lorg/gradle/initialization/DefaultGradleLauncher$Stage;)Lorg/gradle/BuildResult;+25
j  org.gradle.initialization.DefaultGradleLauncher.run()Lorg/gradle/BuildResult;+4
j  org.gradle.launcher.exec.InProcessBuildActionExecuter$DefaultBuildController.run()Lorg/gradle/api/internal/GradleInternal;+4
j  org.gradle.tooling.internal.provider.runner.BuildModelActionRunner.run(Lorg/gradle/internal/invocation/BuildAction;Lorg/gradle/internal/invocation/BuildController;)V+29
j  org.gradle.launcher.exec.ChainingBuildActionRunner.run(Lorg/gradle/internal/invocation/BuildAction;Lorg/gradle/internal/invocation/BuildController;)V+34
j  org.gradle.tooling.internal.provider.runner.SubscribableBuildActionRunner.run(Lorg/gradle/internal/invocation/BuildAction;Lorg/gradle/internal/invocation/BuildController;)V+37
j  org.gradle.launcher.exec.ChainingBuildActionRunner.run(Lorg/gradle/internal/invocation/BuildAction;Lorg/gradle/internal/invocation/BuildController;)V+34
j  org.gradle.launcher.exec.InProcessBuildActionExecuter.execute(Lorg/gradle/internal/invocation/BuildAction;Lorg/gradle/initialization/BuildRequestContext;Lorg/gradle/launcher/exec/BuildActionParameters;Lorg/gradle/internal/service/ServiceRegistry;)Ljava/lang/Object;+63
j  org.gradle.launcher.exec.InProcessBuildActionExecuter.execute(Lorg/gradle/internal/invocation/BuildAction;Lorg/gradle/initialization/BuildRequestContext;Ljava/lang/Object;Lorg/gradle/internal/service/ServiceRegistry;)Ljava/lang/Object;+9
j  org.gradle.launcher.exec.ContinuousBuildActionExecuter.execute(Lorg/gradle/internal/invocation/BuildAction;Lorg/gradle/initialization/BuildRequestContext;Lorg/gradle/launcher/exec/BuildActionParameters;Lorg/gradle/internal/service/ServiceRegistry;)Ljava/lang/Object;+70
j  org.gradle.launcher.exec.ContinuousBuildActionExecuter.execute(Lorg/gradle/internal/invocation/BuildAction;Lorg/gradle/initialization/BuildRequestContext;Ljava/lang/Object;Lorg/gradle/internal/service/ServiceRegistry;)Ljava/lang/Object;+9
j  org.gradle.launcher.daemon.server.exec.ExecuteBuild.doBuild(Lorg/gradle/launcher/daemon/server/api/DaemonCommandExecution;Lorg/gradle/launcher/daemon/protocol/Build;)V+74
j  org.gradle.launcher.daemon.server.exec.BuildCommandOnly.execute(Lorg/gradle/launcher/daemon/server/api/DaemonCommandExecution;)V+49
j  org.gradle.launcher.daemon.server.api.DaemonCommandExecution.proceed()Z+28
j  org.gradle.launcher.daemon.server.exec.WatchForDisconnection.execute(Lorg/gradle/launcher/daemon/server/api/DaemonCommandExecution;)V+19
j  org.gradle.launcher.daemon.server.api.DaemonCommandExecution.proceed()Z+28
j  org.gradle.launcher.daemon.server.exec.ResetDeprecationLogger.execute(Lorg/gradle/launcher/daemon/server/api/DaemonCommandExecution;)V+4
j  org.gradle.launcher.daemon.server.api.DaemonCommandExecution.proceed()Z+28
j  org.gradle.launcher.daemon.server.exec.RequestStopIfSingleUsedDaemon.execute(Lorg/gradle/launcher/daemon/server/api/DaemonCommandExecution;)V+31
j  org.gradle.launcher.daemon.server.api.DaemonCommandExecution.proceed()Z+28
j  org.gradle.launcher.daemon.server.exec.ForwardClientInput$2.call()Ljava/lang/Void;+4
j  org.gradle.launcher.daemon.server.exec.ForwardClientInput$2.call()Ljava/lang/Object;+1
j  org.gradle.util.Swapper.swap(Ljava/lang/Object;Ljava/util/concurrent/Callable;)Ljava/lang/Object;+21
j  org.gradle.launcher.daemon.server.exec.ForwardClientInput.execute(Lorg/gradle/launcher/daemon/server/api/DaemonCommandExecution;)V+63
j  org.gradle.launcher.daemon.server.api.DaemonCommandExecution.proceed()Z+28
j  org.gradle.launcher.daemon.server.health.DaemonHealthTracker.execute(Lorg/gradle/launcher/daemon/server/api/DaemonCommandExecution;)V+35
j  org.gradle.launcher.daemon.server.api.DaemonCommandExecution.proceed()Z+28
j  org.gradle.launcher.daemon.server.exec.LogToClient.doBuild(Lorg/gradle/launcher/daemon/server/api/DaemonCommandExecution;Lorg/gradle/launcher/daemon/protocol/Build;)V+106
j  org.gradle.launcher.daemon.server.exec.BuildCommandOnly.execute(Lorg/gradle/launcher/daemon/server/api/DaemonCommandExecution;)V+49
j  org.gradle.launcher.daemon.server.api.DaemonCommandExecution.proceed()Z+28
j  org.gradle.launcher.daemon.server.exec.EstablishBuildEnvironment.doBuild(Lorg/gradle/launcher/daemon/server/api/DaemonCommandExecution;Lorg/gradle/launcher/daemon/protocol/Build;)V+243
j  org.gradle.launcher.daemon.server.exec.BuildCommandOnly.execute(Lorg/gradle/launcher/daemon/server/api/DaemonCommandExecution;)V+49
j  org.gradle.launcher.daemon.server.api.DaemonCommandExecution.proceed()Z+28
j  org.gradle.launcher.daemon.server.health.HintGCAfterBuild.execute(Lorg/gradle/launcher/daemon/server/api/DaemonCommandExecution;)V+1
j  org.gradle.launcher.daemon.server.api.DaemonCommandExecution.proceed()Z+28
j  org.gradle.launcher.daemon.server.exec.StartBuildOrRespondWithBusy$1.run()V+44
j  org.gradle.launcher.daemon.server.DaemonStateCoordinator$1.run()V+4
j  org.gradle.internal.concurrent.ExecutorPolicy$CatchAndRecordFailures.onExecute(Ljava/lang/Runnable;)V+1
j  org.gradle.internal.concurrent.StoppableExecutorImpl$1.run()V+25
j  java.util.concurrent.ThreadPoolExecutor.runWorker(Ljava/util/concurrent/ThreadPoolExecutor$Worker;)V+95
j  java.util.concurrent.ThreadPoolExecutor$Worker.run()V+5
j  java.lang.Thread.run()V+11
v  ~StubRoutines::call_stub

---------------  P R O C E S S  ---------------

Java Threads: ( => current thread )
  0x000000001aea3000 JavaThread "Stdin handler" [_thread_blocked, id=6156, stack(0x00000000189f0000,0x0000000018af0000)]
=>0x000000001ae9f800 JavaThread "Daemon worker Thread 6" [_thread_in_vm, id=6264, stack(0x00000000188f0000,0x00000000189f0000)]
  0x000000001aea0000 JavaThread "Cancel handler" [_thread_blocked, id=6836, stack(0x00000000187f0000,0x00000000188f0000)]
  0x000000001ae9e800 JavaThread "Handler for socket connection from /127.0.0.1:51739 to /127.0.0.1:57141" [_thread_in_native, id=6948, stack(0x00000000186f0000,0x00000000187f0000)]
  0x000000001aea1800 JavaThread "Daemon Thread 6" [_thread_blocked, id=7008, stack(0x00000000185f0000,0x00000000186f0000)]
  0x000000001779c000 JavaThread "File lock request listener" [_thread_in_native, id=6632, stack(0x000000001b090000,0x000000001b190000)]
  0x0000000016fdb000 JavaThread "Incoming local TCP Connector on port 51739" [_thread_in_native, id=6884, stack(0x0000000018200000,0x0000000018300000)]
  0x000000001616f000 JavaThread "Service Thread" daemon [_thread_blocked, id=7588, stack(0x0000000016550000,0x0000000016650000)]
  0x0000000014813800 JavaThread "C1 CompilerThread2" daemon [_thread_blocked, id=5660, stack(0x0000000016050000,0x0000000016150000)]
  0x000000001480d000 JavaThread "C2 CompilerThread1" daemon [_thread_blocked, id=7508, stack(0x0000000015f50000,0x0000000016050000)]
  0x000000001481a000 JavaThread "C2 CompilerThread0" daemon [_thread_blocked, id=7048, stack(0x0000000015e50000,0x0000000015f50000)]
  0x0000000014818000 JavaThread "Attach Listener" daemon [_thread_blocked, id=4024, stack(0x0000000015d50000,0x0000000015e50000)]
  0x0000000014817000 JavaThread "Signal Dispatcher" daemon [_thread_blocked, id=6492, stack(0x0000000015c50000,0x0000000015d50000)]
  0x0000000002137800 JavaThread "Finalizer" daemon [_thread_blocked, id=6660, stack(0x0000000015a70000,0x0000000015b70000)]
  0x000000000212e800 JavaThread "Reference Handler" daemon [_thread_blocked, id=6216, stack(0x0000000015970000,0x0000000015a70000)]
  0x0000000001e6e800 JavaThread "main" [_thread_blocked, id=2488, stack(0x0000000001f40000,0x0000000002040000)]

Other Threads:
  0x00000000147d8000 VMThread [stack: 0x0000000015870000,0x0000000015970000] [id=5136]
  0x0000000016173800 WatcherThread [stack: 0x0000000016650000,0x0000000016750000] [id=7820]

VM state:not at safepoint (normal execution)

VM Mutex/Monitor currently owned by a thread: None

Heap:
 PSYoungGen      total 145408K, used 80869K [0x00000000eab00000, 0x00000000f5a80000, 0x0000000100000000)
  eden space 132096K, 61% used [0x00000000eab00000,0x00000000ef9f9570,0x00000000f2c00000)
  from space 13312K, 0% used [0x00000000f2c00000,0x00000000f2c00000,0x00000000f3900000)
  to   space 13312K, 0% used [0x00000000f4d80000,0x00000000f4d80000,0x00000000f5a80000)
 ParOldGen       total 77824K, used 37814K [0x00000000c0000000, 0x00000000c4c00000, 0x00000000eab00000)
  object space 77824K, 48% used [0x00000000c0000000,0x00000000c24ed818,0x00000000c4c00000)
 Metaspace       used 55608K, capacity 57984K, committed 59648K, reserved 1101824K
  class space    used 7234K, capacity 7577K, committed 8192K, reserved 1048576K

Card table byte_map: [0x0000000011500000,0x0000000011710000] byte_map_base: 0x0000000010f00000

Marking Bits: (ParMarkBitMap*) 0x0000000072c5a5b0
 Begin Bits: [0x0000000011c70000, 0x0000000012c70000)
 End Bits:   [0x0000000012c70000, 0x0000000013c70000)

Polling page: 0x0000000000620000

CodeCache: size=245760Kb used=36391Kb max_used=37230Kb free=209368Kb
 bounds [0x0000000002140000, 0x0000000004600000, 0x0000000011140000]
 total_blobs=10443 nmethods=9705 adapters=648
 compilation: enabled

Compilation events (10 events):
Event: 5025.762 Thread 0x000000001480d000 nmethod 12354 0x000000000414e550 code [0x000000000414e960, 0x00000000041519e8]
Event: 5025.762 Thread 0x0000000014813800 nmethod 12357 0x0000000002c8b810 code [0x0000000002c8b980, 0x0000000002c8bb28]
Event: 5025.762 Thread 0x0000000014813800 12358       3       org.codehaus.groovy.reflection.CachedClass$6::initValue (123 bytes)
Event: 5025.766 Thread 0x0000000014813800 nmethod 12358 0x0000000004289610 code [0x0000000004289980, 0x000000000428b678]
Event: 5025.766 Thread 0x0000000014813800 12359       3       org.codehaus.groovy.reflection.CachedClass::getDeclaredInterfaces (11 bytes)
Event: 5025.767 Thread 0x0000000014813800 nmethod 12359 0x00000000042b8c90 code [0x00000000042b8e00, 0x00000000042b9108]
Event: 5025.770 Thread 0x000000001481a000 12360 %     4       java.util.ComparableTimSort::mergeLo @ 147 (656 bytes)
Event: 5025.777 Thread 0x000000001480d000 12361       4       org.codehaus.groovy.util.LazyReference::get (44 bytes)
Event: 5025.806 Thread 0x000000001481a000 nmethod 12360% 0x00000000039ddb90 code [0x00000000039ddd40, 0x00000000039dedf8]
Event: 5025.832 Thread 0x000000001480d000 nmethod 12361 0x0000000002609050 code [0x0000000002609320, 0x000000000260b290]

GC Heap History (10 events):
Event: 3367.400 GC heap before
{Heap before GC invocations=48 (full 7):
 PSYoungGen      total 143872K, used 78128K [0x00000000eab00000, 0x00000000f4580000, 0x0000000100000000)
  eden space 133632K, 50% used [0x00000000eab00000,0x00000000eed535a0,0x00000000f2d80000)
  from space 10240K, 99% used [0x00000000f3980000,0x00000000f4378c88,0x00000000f4380000)
  to   space 12288K, 0% used [0x00000000f2d80000,0x00000000f2d80000,0x00000000f3980000)
 ParOldGen       total 77824K, used 49759K [0x00000000c0000000, 0x00000000c4c00000, 0x00000000eab00000)
  object space 77824K, 63% used [0x00000000c0000000,0x00000000c3097dc0,0x00000000c4c00000)
 Metaspace       used 56316K, capacity 59098K, committed 59392K, reserved 1099776K
  class space    used 7480K, capacity 8062K, committed 8192K, reserved 1048576K
Event: 3368.286 GC heap after
Heap after GC invocations=48 (full 7):
 PSYoungGen      total 134656K, used 847K [0x00000000eab00000, 0x00000000f4480000, 0x0000000100000000)
  eden space 133632K, 0% used [0x00000000eab00000,0x00000000eab00000,0x00000000f2d80000)
  from space 1024K, 82% used [0x00000000f2d80000,0x00000000f2e53c40,0x00000000f2e80000)
  to   space 11776K, 0% used [0x00000000f3900000,0x00000000f3900000,0x00000000f4480000)
 ParOldGen       total 77824K, used 50635K [0x00000000c0000000, 0x00000000c4c00000, 0x00000000eab00000)
  object space 77824K, 65% used [0x00000000c0000000,0x00000000c3172ee0,0x00000000c4c00000)
 Metaspace       used 56316K, capacity 59098K, committed 59392K, reserved 1099776K
  class space    used 7480K, capacity 8062K, committed 8192K, reserved 1048576K
}
Event: 3368.286 GC heap before
{Heap before GC invocations=49 (full 8):
 PSYoungGen      total 134656K, used 847K [0x00000000eab00000, 0x00000000f4480000, 0x0000000100000000)
  eden space 133632K, 0% used [0x00000000eab00000,0x00000000eab00000,0x00000000f2d80000)
  from space 1024K, 82% used [0x00000000f2d80000,0x00000000f2e53c40,0x00000000f2e80000)
  to   space 11776K, 0% used [0x00000000f3900000,0x00000000f3900000,0x00000000f4480000)
 ParOldGen       total 77824K, used 50635K [0x00000000c0000000, 0x00000000c4c00000, 0x00000000eab00000)
  object space 77824K, 65% used [0x00000000c0000000,0x00000000c3172ee0,0x00000000c4c00000)
 Metaspace       used 56316K, capacity 59098K, committed 59392K, reserved 1099776K
  class space    used 7480K, capacity 8062K, committed 8192K, reserved 1048576K
Event: 3368.948 GC heap after
Heap after GC invocations=49 (full 8):
 PSYoungGen      total 134656K, used 0K [0x00000000eab00000, 0x00000000f4480000, 0x0000000100000000)
  eden space 133632K, 0% used [0x00000000eab00000,0x00000000eab00000,0x00000000f2d80000)
  from space 1024K, 0% used [0x00000000f2d80000,0x00000000f2d80000,0x00000000f2e80000)
  to   space 11776K, 0% used [0x00000000f3900000,0x00000000f3900000,0x00000000f4480000)
 ParOldGen       total 77824K, used 36718K [0x00000000c0000000, 0x00000000c4c00000, 0x00000000eab00000)
  object space 77824K, 47% used [0x00000000c0000000,0x00000000c23dbb10,0x00000000c4c00000)
 Metaspace       used 55183K, capacity 57322K, committed 59392K, reserved 1099776K
  class space    used 7224K, capacity 7606K, committed 8192K, reserved 1048576K
}
Event: 4917.135 GC heap before
{Heap before GC invocations=50 (full 8):
 PSYoungGen      total 134656K, used 133632K [0x00000000eab00000, 0x00000000f4480000, 0x0000000100000000)
  eden space 133632K, 100% used [0x00000000eab00000,0x00000000f2d80000,0x00000000f2d80000)
  from space 1024K, 0% used [0x00000000f2d80000,0x00000000f2d80000,0x00000000f2e80000)
  to   space 11776K, 0% used [0x00000000f3900000,0x00000000f3900000,0x00000000f4480000)
 ParOldGen       total 77824K, used 36718K [0x00000000c0000000, 0x00000000c4c00000, 0x00000000eab00000)
  object space 77824K, 47% used [0x00000000c0000000,0x00000000c23dbb10,0x00000000c4c00000)
 Metaspace       used 55709K, capacity 58294K, committed 59392K, reserved 1099776K
  class space    used 7325K, capacity 7769K, committed 8192K, reserved 1048576K
Event: 4921.819 GC heap after
Heap after GC invocations=50 (full 8):
 PSYoungGen      total 143872K, used 9675K [0x00000000eab00000, 0x00000000f5a80000, 0x0000000100000000)
  eden space 132096K, 0% used [0x00000000eab00000,0x00000000eab00000,0x00000000f2c00000)
  from space 11776K, 82% used [0x00000000f3900000,0x00000000f4272c78,0x00000000f4480000)
  to   space 13312K, 0% used [0x00000000f2c00000,0x00000000f2c00000,0x00000000f3900000)
 ParOldGen       total 77824K, used 36726K [0x00000000c0000000, 0x00000000c4c00000, 0x00000000eab00000)
  object space 77824K, 47% used [0x00000000c0000000,0x00000000c23ddb10,0x00000000c4c00000)
 Metaspace       used 55709K, capacity 58294K, committed 59392K, reserved 1099776K
  class space    used 7325K, capacity 7769K, committed 8192K, reserved 1048576K
}
Event: 4934.992 GC heap before
{Heap before GC invocations=51 (full 8):
 PSYoungGen      total 143872K, used 46686K [0x00000000eab00000, 0x00000000f5a80000, 0x0000000100000000)
  eden space 132096K, 28% used [0x00000000eab00000,0x00000000ecf24e88,0x00000000f2c00000)
  from space 11776K, 82% used [0x00000000f3900000,0x00000000f4272c78,0x00000000f4480000)
  to   space 13312K, 0% used [0x00000000f2c00000,0x00000000f2c00000,0x00000000f3900000)
 ParOldGen       total 77824K, used 36726K [0x00000000c0000000, 0x00000000c4c00000, 0x00000000eab00000)
  object space 77824K, 47% used [0x00000000c0000000,0x00000000c23ddb10,0x00000000c4c00000)
 Metaspace       used 55809K, capacity 58358K, committed 59392K, reserved 1099776K
  class space    used 7325K, capacity 7769K, committed 8192K, reserved 1048576K
Event: 4935.165 GC heap after
Heap after GC invocations=51 (full 8):
 PSYoungGen      total 145408K, used 503K [0x00000000eab00000, 0x00000000f5a80000, 0x0000000100000000)
  eden space 132096K, 0% used [0x00000000eab00000,0x00000000eab00000,0x00000000f2c00000)
  from space 13312K, 3% used [0x00000000f2c00000,0x00000000f2c7de20,0x00000000f3900000)
  to   space 13312K, 0% used [0x00000000f4d80000,0x00000000f4d80000,0x00000000f5a80000)
 ParOldGen       total 77824K, used 44189K [0x00000000c0000000, 0x00000000c4c00000, 0x00000000eab00000)
  object space 77824K, 56% used [0x00000000c0000000,0x00000000c2b275e8,0x00000000c4c00000)
 Metaspace       used 55809K, capacity 58358K, committed 59392K, reserved 1099776K
  class space    used 7325K, capacity 7769K, committed 8192K, reserved 1048576K
}
Event: 4935.191 GC heap before
{Heap before GC invocations=52 (full 9):
 PSYoungGen      total 145408K, used 503K [0x00000000eab00000, 0x00000000f5a80000, 0x0000000100000000)
  eden space 132096K, 0% used [0x00000000eab00000,0x00000000eab00000,0x00000000f2c00000)
  from space 13312K, 3% used [0x00000000f2c00000,0x00000000f2c7de20,0x00000000f3900000)
  to   space 13312K, 0% used [0x00000000f4d80000,0x00000000f4d80000,0x00000000f5a80000)
 ParOldGen       total 77824K, used 44189K [0x00000000c0000000, 0x00000000c4c00000, 0x00000000eab00000)
  object space 77824K, 56% used [0x00000000c0000000,0x00000000c2b275e8,0x00000000c4c00000)
 Metaspace       used 55809K, capacity 58358K, committed 59392K, reserved 1099776K
  class space    used 7325K, capacity 7769K, committed 8192K, reserved 1048576K
Event: 4935.759 GC heap after
Heap after GC invocations=52 (full 9):
 PSYoungGen      total 145408K, used 0K [0x00000000eab00000, 0x00000000f5a80000, 0x0000000100000000)
  eden space 132096K, 0% used [0x00000000eab00000,0x00000000eab00000,0x00000000f2c00000)
  from space 13312K, 0% used [0x00000000f2c00000,0x00000000f2c00000,0x00000000f3900000)
  to   space 13312K, 0% used [0x00000000f4d80000,0x00000000f4d80000,0x00000000f5a80000)
 ParOldGen       total 77824K, used 37814K [0x00000000c0000000, 0x00000000c4c00000, 0x00000000eab00000)
  object space 77824K, 48% used [0x00000000c0000000,0x00000000c24ed818,0x00000000c4c00000)
 Metaspace       used 55347K, capacity 57498K, committed 59392K, reserved 1099776K
  class space    used 7194K, capacity 7512K, committed 8192K, reserved 1048576K
}

Deoptimization events (10 events):
Event: 4899.503 Thread 0x000000001aea2800 Uncommon trap: reason=unstable_if action=reinterpret pc=0x000000000372c8e8 method=java.lang.ref.SoftReference.get()Ljava/lang/Object; @ 6
Event: 4899.540 Thread 0x000000001aea2800 Uncommon trap: reason=unstable_if action=reinterpret pc=0x000000000300f474 method=java.lang.ref.SoftReference.get()Ljava/lang/Object; @ 6
Event: 4899.692 Thread 0x000000001aea2800 Uncommon trap: reason=unstable_if action=reinterpret pc=0x0000000003046ea8 method=java.lang.ref.SoftReference.get()Ljava/lang/Object; @ 6
Event: 4916.988 Thread 0x000000001aea2800 Uncommon trap: reason=unstable_if action=reinterpret pc=0x0000000004360538 method=com.google.common.io.LineBuffer.add([CII)V @ 111
Event: 4934.249 Thread 0x000000001aea2800 Uncommon trap: reason=class_check action=maybe_recompile pc=0x0000000002e2900c method=java.lang.AbstractStringBuilder.append(Ljava/lang/CharSequence;)Ljava/lang/AbstractStringBuilder; @ 26
Event: 4934.297 Thread 0x000000001aea2800 Uncommon trap: reason=class_check action=maybe_recompile pc=0x0000000002efdec4 method=java.lang.AbstractStringBuilder.append(Ljava/lang/CharSequence;II)Ljava/lang/AbstractStringBuilder; @ 18
Event: 5010.577 Thread 0x000000001ae9f800 Uncommon trap: reason=class_check action=maybe_recompile pc=0x000000000305ff0c method=sun.reflect.DelegatingConstructorAccessorImpl.newInstance([Ljava/lang/Object;)Ljava/lang/Object; @ 5
Event: 5010.578 Thread 0x000000001ae9f800 Uncommon trap: reason=class_check action=maybe_recompile pc=0x000000000305ff0c method=sun.reflect.DelegatingConstructorAccessorImpl.newInstance([Ljava/lang/Object;)Ljava/lang/Object; @ 5
Event: 5010.805 Thread 0x000000001ae9f800 Uncommon trap: reason=class_check action=maybe_recompile pc=0x000000000305ff0c method=sun.reflect.DelegatingConstructorAccessorImpl.newInstance([Ljava/lang/Object;)Ljava/lang/Object; @ 5
Event: 5010.806 Thread 0x000000001ae9f800 Uncommon trap: reason=class_check action=maybe_recompile pc=0x000000000305ff0c method=sun.reflect.DelegatingConstructorAccessorImpl.newInstance([Ljava/lang/Object;)Ljava/lang/Object; @ 5

Internal exceptions (10 events):
Event: 4999.094 Thread 0x000000001ae9e800 Exception <a 'java/lang/NoSuchMethodError': <clinit>> (0x00000000eadbbf40) thrown at [C:\workspace\8-2-build-windows-amd64-cygwin\jdk8u65\4987\hotspot\src\share\vm\prims\jni.cpp, line 1591]
Event: 4999.095 Thread 0x000000001ae9e800 Exception <a 'java/lang/NoSuchMethodError': <clinit>> (0x00000000eadc8768) thrown at [C:\workspace\8-2-build-windows-amd64-cygwin\jdk8u65\4987\hotspot\src\share\vm\prims\jni.cpp, line 1591]
Event: 4999.096 Thread 0x000000001ae9e800 Exception <a 'java/lang/NoSuchMethodError': <clinit>> (0x00000000eade0ab8) thrown at [C:\workspace\8-2-build-windows-amd64-cygwin\jdk8u65\4987\hotspot\src\share\vm\prims\jni.cpp, line 1591]
Event: 4999.316 Thread 0x000000001ae9e800 Exception <a 'java/lang/NoSuchMethodError': <clinit>> (0x00000000eae0b4b8) thrown at [C:\workspace\8-2-build-windows-amd64-cygwin\jdk8u65\4987\hotspot\src\share\vm\prims\jni.cpp, line 1591]
Event: 5000.235 Thread 0x000000001ae9e800 Exception <a 'java/lang/NoSuchMethodError': <clinit>> (0x00000000eae141b8) thrown at [C:\workspace\8-2-build-windows-amd64-cygwin\jdk8u65\4987\hotspot\src\share\vm\prims\jni.cpp, line 1591]
Event: 5000.238 Thread 0x000000001ae9e800 Exception <a 'java/lang/NoSuchMethodError': <clinit>> (0x00000000eae347f8) thrown at [C:\workspace\8-2-build-windows-amd64-cygwin\jdk8u65\4987\hotspot\src\share\vm\prims\jni.cpp, line 1591]
Event: 5000.261 Thread 0x000000001ae9f800 Exception <a 'java/lang/NoSuchMethodError': <clinit>> (0x00000000eaf04260) thrown at [C:\workspace\8-2-build-windows-amd64-cygwin\jdk8u65\4987\hotspot\src\share\vm\prims\jni.cpp, line 1591]
Event: 5000.263 Thread 0x000000001ae9f800 Exception <a 'java/lang/NoSuchMethodError': <clinit>> (0x00000000eaf0c3d8) thrown at [C:\workspace\8-2-build-windows-amd64-cygwin\jdk8u65\4987\hotspot\src\share\vm\prims\jni.cpp, line 1591]
Event: 5000.810 Thread 0x000000001ae9f800 Exception <a 'java/lang/ClassNotFoundException': asLocalRepo23_9ykjiiff23yp0tmqz8n0lf5zaBeanInfo> (0x00000000eb13a3b0) thrown at [C:\workspace\8-2-build-windows-amd64-cygwin\jdk8u65\4987\hotspot\src\share\vm\classfile\systemDictionary.cpp, line 210]
Event: 5000.811 Thread 0x000000001ae9f800 Exception <a 'java/lang/ClassNotFoundException': asLocalRepo23_9ykjiiff23yp0tmqz8n0lf5zaCustomizer> (0x00000000eb143870) thrown at [C:\workspace\8-2-build-windows-amd64-cygwin\jdk8u65\4987\hotspot\src\share\vm\classfile\systemDictionary.cpp, line 210]

Events (10 events):
Event: 5025.762 loading class groovy/runtime/metaclass/build_5cdtdq7gvxsoptucnjv5t2l2v$_run_closure1$_closure3MetaClass
Event: 5025.762 loading class groovy/runtime/metaclass/build_5cdtdq7gvxsoptucnjv5t2l2v$_run_closure1$_closure3MetaClass done
Event: 5025.765 loading class groovy/runtime/metaclass/build_5cdtdq7gvxsoptucnjv5t2l2v$_run_closure2MetaClass
Event: 5025.765 loading class groovy/runtime/metaclass/build_5cdtdq7gvxsoptucnjv5t2l2v$_run_closure2MetaClass done
Event: 5025.768 loading class groovy/runtime/metaclass/org/gradle/api/tasks/DeleteMetaClass
Event: 5025.768 loading class groovy/runtime/metaclass/org/gradle/api/tasks/DeleteMetaClass done
Event: 5025.929 loading class groovy/runtime/metaclass/org/gradle/api/internal/ConventionTaskMetaClass
Event: 5025.929 loading class groovy/runtime/metaclass/org/gradle/api/internal/ConventionTaskMetaClass done
Event: 5025.932 loading class groovy/runtime/metaclass/org/gradle/api/DefaultTaskMetaClass
Event: 5025.932 loading class groovy/runtime/metaclass/org/gradle/api/DefaultTaskMetaClass done


Dynamic libraries:
0x00007ff693cf0000 - 0x00007ff693d27000 	C:\Program Files\Java\jdk1.8.0_65\bin\java.exe
0x00007ffc2ec60000 - 0x00007ffc2ee0d000 	C:\WINDOWS\SYSTEM32\ntdll.dll
0x00007ffc2c7d0000 - 0x00007ffc2c90e000 	C:\WINDOWS\system32\KERNEL32.DLL
0x00007ffc2be80000 - 0x00007ffc2bf95000 	C:\WINDOWS\system32\KERNELBASE.dll
0x00007ffc2a950000 - 0x00007ffc2a9de000 	C:\WINDOWS\system32\apphelp.dll
0x00007ffc132e0000 - 0x00007ffc13333000 	C:\WINDOWS\AppPatch\AppPatch64\AcGenral.DLL
0x00007ffc2e5d0000 - 0x00007ffc2e67a000 	C:\WINDOWS\system32\msvcrt.dll
0x00007ffc2bb80000 - 0x00007ffc2bbae000 	C:\WINDOWS\SYSTEM32\SspiCli.dll
0x00007ffc2cad0000 - 0x00007ffc2cb24000 	C:\WINDOWS\system32\SHLWAPI.dll
0x00007ffc2e680000 - 0x00007ffc2e7f7000 	C:\WINDOWS\system32\USER32.dll
0x00007ffc2c430000 - 0x00007ffc2c5c4000 	C:\WINDOWS\system32\ole32.dll
0x00007ffc2cf20000 - 0x00007ffc2e44a000 	C:\WINDOWS\system32\SHELL32.dll
0x00007ffc2b350000 - 0x00007ffc2b371000 	C:\WINDOWS\SYSTEM32\USERENV.dll
0x00007ffc2c340000 - 0x00007ffc2c3ea000 	C:\WINDOWS\system32\ADVAPI32.dll
0x00007ffc21350000 - 0x00007ffc2136e000 	C:\WINDOWS\SYSTEM32\MPR.dll
0x00007ffc2eb10000 - 0x00007ffc2ec51000 	C:\WINDOWS\system32\RPCRT4.dll
0x00007ffc2cb40000 - 0x00007ffc2cb99000 	C:\WINDOWS\SYSTEM32\sechost.dll
0x00007ffc2cba0000 - 0x00007ffc2cdb1000 	C:\WINDOWS\SYSTEM32\combase.dll
0x00007ffc2cdd0000 - 0x00007ffc2cf20000 	C:\WINDOWS\system32\GDI32.dll
0x00007ffc2bdb0000 - 0x00007ffc2bdc5000 	C:\WINDOWS\SYSTEM32\profapi.dll
0x00007ffc29df0000 - 0x00007ffc29ea2000 	C:\WINDOWS\SYSTEM32\SHCORE.dll
0x00007ffc2c3f0000 - 0x00007ffc2c426000 	C:\WINDOWS\system32\IMM32.DLL
0x00007ffc2e450000 - 0x00007ffc2e5a2000 	C:\WINDOWS\system32\MSCTF.dll
0x00007ffc28700000 - 0x00007ffc2897b000 	C:\WINDOWS\WinSxS\amd64_microsoft.windows.common-controls_6595b64144ccf1df_6.0.9600.18006_none_623f33d3ecbe86e8\COMCTL32.dll
0x00000000721d0000 - 0x00000000722a2000 	C:\Program Files\Java\jdk1.8.0_65\jre\bin\msvcr100.dll
0x0000000072450000 - 0x0000000072cd9000 	C:\Program Files\Java\jdk1.8.0_65\jre\bin\server\jvm.dll
0x00007ffc23950000 - 0x00007ffc23959000 	C:\WINDOWS\SYSTEM32\WSOCK32.dll
0x00007ffc244d0000 - 0x00007ffc244f2000 	C:\WINDOWS\SYSTEM32\WINMM.dll
0x00007ffc23970000 - 0x00007ffc2397a000 	C:\WINDOWS\SYSTEM32\VERSION.dll
0x00007ffc2cb30000 - 0x00007ffc2cb37000 	C:\WINDOWS\system32\PSAPI.DLL
0x00007ffc2c2e0000 - 0x00007ffc2c33a000 	C:\WINDOWS\system32\WS2_32.dll
0x00007ffc244a0000 - 0x00007ffc244ca000 	C:\WINDOWS\SYSTEM32\WINMMBASE.dll
0x00007ffc2cac0000 - 0x00007ffc2cac9000 	C:\WINDOWS\system32\NSI.dll
0x00007ffc2c1e0000 - 0x00007ffc2c22f000 	C:\WINDOWS\SYSTEM32\cfgmgr32.dll
0x00007ffc2aba0000 - 0x00007ffc2abc8000 	C:\WINDOWS\SYSTEM32\DEVOBJ.dll
0x0000000074290000 - 0x000000007429f000 	C:\Program Files\Java\jdk1.8.0_65\jre\bin\verify.dll
0x0000000074260000 - 0x0000000074289000 	C:\Program Files\Java\jdk1.8.0_65\jre\bin\java.dll
0x0000000074240000 - 0x0000000074256000 	C:\Program Files\Java\jdk1.8.0_65\jre\bin\zip.dll
0x0000000074220000 - 0x000000007423a000 	C:\Program Files\Java\jdk1.8.0_65\jre\bin\net.dll
0x00007ffc2b5c0000 - 0x00007ffc2b619000 	C:\WINDOWS\system32\mswsock.dll
0x00000000741e0000 - 0x00000000741f1000 	C:\Program Files\Java\jdk1.8.0_65\jre\bin\nio.dll
0x00007ffc20f00000 - 0x00007ffc20f12000 	C:\Users\jessa\.gradle\native\19\windows-amd64\native-platform.dll
0x00007ffc276f0000 - 0x00007ffc2771a000 	C:\WINDOWS\SYSTEM32\IPHLPAPI.DLL
0x00007ffc276d0000 - 0x00007ffc276da000 	C:\WINDOWS\SYSTEM32\WINNSI.DLL
0x00007ffc27380000 - 0x00007ffc27396000 	C:\WINDOWS\SYSTEM32\dhcpcsvc6.DLL
0x00007ffc27450000 - 0x00007ffc2746a000 	C:\WINDOWS\SYSTEM32\dhcpcsvc.DLL
0x00007ffc2b620000 - 0x00007ffc2b640000 	C:\WINDOWS\SYSTEM32\CRYPTSP.dll
0x00007ffc2b240000 - 0x00007ffc2b276000 	C:\WINDOWS\system32\rsaenh.dll
0x00007ffc2b870000 - 0x00007ffc2b896000 	C:\WINDOWS\SYSTEM32\bcrypt.dll
0x00007ffc2bbb0000 - 0x00007ffc2bc13000 	C:\WINDOWS\system32\bcryptprimitives.dll
0x00007ffc2bc20000 - 0x00007ffc2bc2b000 	C:\WINDOWS\SYSTEM32\CRYPTBASE.dll
0x00000000741d0000 - 0x00000000741dd000 	C:\Program Files\Java\jdk1.8.0_65\jre\bin\management.dll
0x00007ffc1cac0000 - 0x00007ffc1cc49000 	C:\WINDOWS\SYSTEM32\dbghelp.dll

VM Arguments:
jvm_args: -XX:MaxPermSize=256m -XX:+HeapDumpOnOutOfMemoryError -Xmx1024m -Dfile.encoding=windows-1252 -Duser.country=IE -Duser.language=en -Duser.variant 
java_command: org.gradle.launcher.daemon.bootstrap.GradleDaemon 2.8
java_class_path (initial): C:\Program Files\Android\Android Studio\gradle\gradle-2.8\lib\gradle-launcher-2.8.jar
Launcher Type: SUN_STANDARD

Environment Variables:
PATH=C:\Program Files (x86)\NVIDIA Corporation\PhysX\Common;C:\ProgramData\Oracle\Java\javapath;C:\Program Files\Haskell\bin;C:\Program Files\Haskell Platform\7.10.2-a\lib\extralibs\bin;C:\Program Files\Haskell Platform\7.10.2-a\bin;C:\Program Files (x86)\Intel\iCLS Client\;C:\Program Files\Intel\iCLS Client\;C:\Windows\system32;C:\Windows;C:\Windows\System32\Wbem;C:\Windows\System32\WindowsPowerShell\v1.0\;C:\Program Files (x86)\Acer\abFiles\;C:\Program Files\Intel\Intel(R) Management Engine Components\DAL;C:\Program Files (x86)\Intel\Intel(R) Management Engine Components\DAL;C:\Program Files\Intel\Intel(R) Management Engine Components\IPT;C:\Program Files (x86)\Intel\Intel(R) Management Engine Components\IPT;C:\Program Files\Intel\WiFi\bin\;C:\Program Files\Common Files\Intel\WirelessCommon\;C:\Program Files (x86)\Skype\Phone\;C:\cygwin64\bin;C:\Python27;C:\Users\jessa\AppData\Roaming\cabal\bin;C:\Program Files (x86)\Intel\iCLS Client\;C:\Program Files\Intel\iCLS Client\;C:\Windows\system32;C:\Windows;C:\Windows\System32\Wbem;C:\Windows\System32\WindowsPowerShell\v1.0\;C:\Program Files (x86)\Acer\abFiles\;C:\Program Files\Intel\Intel(R) Management Engine Components\DAL;C:\Program Files (x86)\Intel\Intel(R) Management Engine Components\DAL;C:\Program Files\Intel\Intel(R) Management Engine Components\IPT;C:\Program Files (x86)\Intel\Intel(R) Management Engine Components\IPT;C:\Program Files\Intel\WiFi\bin\;C:\Program Files\Common Files\Intel\WirelessCommon\;C:\Users\jessa\AppData\Local\Programs\Git\cmd
USERNAME=jessa
OS=Windows_NT
PROCESSOR_IDENTIFIER=Intel64 Family 6 Model 61 Stepping 4, GenuineIntel



---------------  S Y S T E M  ---------------

OS: Windows 8.1 , 64 bit Build 9600 (6.3.9600.17415)

CPU:total 4 (2 cores per cpu, 2 threads per core) family 6 model 61 stepping 4, cmov, cx8, fxsr, mmx, sse, sse2, sse3, ssse3, sse4.1, sse4.2, popcnt, avx, avx2, aes, clmul, erms, 3dnowpref, lzcnt, ht, tsc, tscinvbit, bmi1, bmi2, adx

Memory: 4k page, physical 4106576k(1158956k free), swap 7979492k(3507780k free)

vm_info: Java HotSpot(TM) 64-Bit Server VM (25.65-b01) for windows-amd64 JRE (1.8.0_65-b17), built on Oct  6 2015 16:39:20 by "java_re" with MS VC++ 10.0 (VS2010)

time: Tue Feb 23 10:29:45 2016
elapsed time: 5035 seconds (0d 1h 23m 55s)

