#
# A fatal error has been detected by the Java Runtime Environment:
#
#  EXCEPTION_ACCESS_VIOLATION (0xc0000005) at pc=0x000000007785b622, pid=5216, tid=12168
#
# JRE version: Java(TM) SE Runtime Environment (8.0_65-b17) (build 1.8.0_65-b17)
# Java VM: Java HotSpot(TM) 64-Bit Server VM (25.65-b01 mixed mode windows-amd64 compressed oops)
# Problematic frame:
# V  [jvm.dll+0xeb622]
#
# Failed to write core dump. Minidumps are not enabled by default on client versions of Windows
#
# If you would like to submit a bug report, please visit:
#   http://bugreport.java.com/bugreport/crash.jsp
#

---------------  T H R E A D  ---------------

Current thread (0x000000001d0eb000):  JavaThread "Daemon worker Thread 5" [_thread_in_vm, id=12168, stack(0x0000000019310000,0x0000000019410000)]

siginfo: ExceptionCode=0xc0000005, writing address 0x00000000000000b4

Registers:
RAX=0x00000000000000b4, RBX=0x0000000000000000, RCX=0x0000000000000011, RDX=0x0000000000000000
RSP=0x000000001940d338, RBP=0x00000000000007ff, RSI=0x00000000ebb686a8, RDI=0x0000000000000010
R8 =0x0000000000000010, R9 =0x0000000000000010, R10=0x00000000ebb68680, R11=0x0000000000000000
R12=0x0000000000000000, R13=0x000000001e35d200, R14=0x000000001e35d210, R15=0x000000001e35d5e8
RIP=0x000000007785b622, EFLAGS=0x0000000000010286

Top of Stack: (sp=0x000000001940d338)
0x000000001940d338:   00000000779e9d48 0000000000000000
0x000000001940d348:   00000000ebb36b48 000000001940d3d0
0x000000001940d358:   0000000002fa7185 00000000ebb68680
0x000000001940d368:   00000000778b42d0 0000000000000010
0x000000001940d378:   000000001b05d2e0 000000001d0eb000
0x000000001940d388:   0000000000000000 0000000000000000
0x000000001940d398:   00000000778b351e 000000001d0eb000
0x000000001940d3a8:   0000000000000000 00000000ebb67ff0
0x000000001940d3b8:   00000000778b336c 0000000000000010
0x000000001940d3c8:   000000001d0eb1f8 0000000000000000
0x000000001940d3d8:   000000001940d520 000000001940d420
0x000000001940d3e8:   00000000523d1aee 00000000000003d8
0x000000001940d3f8:   00000000ebb68600 000000001940d530
0x000000001940d408:   0000000000000000 000000001940d420
0x000000001940d418:   0000000002cbe1ce 0000000100018f20
0x000000001940d428:   000000001940d450 0000002214850058 

Instructions: (pc=0x000000007785b622)
0x000000007785b602:   ff cc cc cc cc cc cc cc cc cc cc cc cc cc 48 8b
0x000000007785b612:   89 30 01 00 00 e9 44 a3 f3 ff cc cc cc cc 48 89
0x000000007785b622:   5c 24 08 57 48 83 ec 20 48 8b f9 8b 0d 65 c0 6b
0x000000007785b632:   00 8b da ff 15 b5 7d 4e 00 44 8b c3 48 8b d7 48 


Register to memory mapping:

RAX=0x00000000000000b4 is an unknown value
RBX=0x0000000000000000 is an unknown value
RCX=0x0000000000000011 is an unknown value
RDX=0x0000000000000000 is an unknown value
RSP=0x000000001940d338 is pointing into the stack for thread: 0x000000001d0eb000
RBP=0x00000000000007ff is an unknown value
RSI=0x00000000ebb686a8 is an oop

[error occurred during error reporting (printing register info), id 0xc0000005]

Stack: [0x0000000019310000,0x0000000019410000],  sp=0x000000001940d338,  free space=1012k
Native frames: (J=compiled Java code, j=interpreted, Vv=VM code, C=native code)
V  [jvm.dll+0xeb622]
V  [jvm.dll+0x279d48]
V  [jvm.dll+0x1442d0]
C  [java.dll+0x1aee]
C  0x0000000002fa7185

Java frames: (J=compiled Java code, j=interpreted, Vv=VM code)
J 1422  java.lang.Class.forName0(Ljava/lang/String;ZLjava/lang/ClassLoader;Ljava/lang/Class;)Ljava/lang/Class; (0 bytes) @ 0x0000000002fa7107 [0x0000000002fa7080+0x87]
J 8380 C2 sun.reflect.generics.visitor.Reifier.visitClassTypeSignature(Lsun/reflect/generics/tree/ClassTypeSignature;)V (381 bytes) @ 0x00000000043ba5e0 [0x00000000043ba240+0x3a0]
J 8381 C2 sun.reflect.generics.tree.ClassTypeSignature.accept(Lsun/reflect/generics/visitor/TypeTreeVisitor;)V (8 bytes) @ 0x00000000043af1a8 [0x00000000043af160+0x48]
J 4369 C2 java.lang.reflect.Executable.sharedToGenericString(IZ)Ljava/lang/String; (329 bytes) @ 0x0000000003a9e3d8 [0x0000000003a9dac0+0x918]
J 12299 C2 java.lang.reflect.Method.toGenericString()Ljava/lang/String; (12 bytes) @ 0x0000000002d020d0 [0x0000000002d02060+0x70]
j  java.beans.MethodRef.find(Ljava/lang/Class;Ljava/lang/String;)Ljava/lang/reflect/Method;+41
J 12302 C1 java.beans.MethodRef.get()Ljava/lang/reflect/Method; (92 bytes) @ 0x00000000043f920c [0x00000000043f8d40+0x4cc]
J 12307 C1 java.beans.PropertyDescriptor.getWriteMethod()Ljava/lang/reflect/Method; (165 bytes) @ 0x00000000036d82d4 [0x00000000036d8100+0x1d4]
J 4431 C1 groovy.lang.MetaClassImpl.applyPropertyDescriptors([Ljava/beans/PropertyDescriptor;)V (151 bytes) @ 0x0000000003aaf434 [0x0000000003aadf40+0x14f4]
J 6566 C1 groovy.lang.MetaClassImpl.setupProperties([Ljava/beans/PropertyDescriptor;)V (300 bytes) @ 0x00000000031db72c [0x00000000031d8b00+0x2c2c]
j  groovy.lang.MetaClassImpl.addProperties()V+72
J 6562 C1 groovy.lang.MetaClassImpl.initialize()V (35 bytes) @ 0x0000000002fbbf1c [0x0000000002fbbcc0+0x25c]
J 5047 C1 org.codehaus.groovy.reflection.ClassInfo.getMetaClassUnderLock()Lgroovy/lang/MetaClass; (75 bytes) @ 0x0000000003d10b9c [0x0000000003d10180+0xa1c]
j  org.codehaus.groovy.reflection.ClassInfo.getMetaClass()Lgroovy/lang/MetaClass;+16
J 4650 C1 org.gradle.api.internal.project.DefaultProject_Decorated.getMetaClass()Lgroovy/lang/MetaClass; (30 bytes) @ 0x0000000003b916f4 [0x0000000003b911a0+0x554]
J 5118 C2 org.gradle.api.internal.BeanDynamicObject.getMetaClass()Lgroovy/lang/MetaClass; (39 bytes) @ 0x0000000003d89550 [0x0000000003d894e0+0x70]
J 11516 C2 org.gradle.api.internal.BeanDynamicObject.hasProperty(Ljava/lang/String;)Z (11 bytes) @ 0x00000000047bc104 [0x00000000047bc0a0+0x64]
J 10661 C1 org.gradle.api.internal.CompositeDynamicObject.setProperty(Ljava/lang/String;Ljava/lang/Object;)V (148 bytes) @ 0x0000000004adcdcc [0x0000000004adcc80+0x14c]
j  org.gradle.api.internal.project.DefaultProject_Decorated.setProperty(Ljava/lang/String;Ljava/lang/Object;)V+6
j  org.gradle.initialization.ProjectPropertySettingBuildLoader.addPropertiesToProject(Lorg/gradle/api/Project;)V+165
j  org.gradle.initialization.ProjectPropertySettingBuildLoader.setProjectProperties(Lorg/gradle/api/Project;)V+2
j  org.gradle.initialization.ProjectPropertySettingBuildLoader.load(Lorg/gradle/api/initialization/ProjectDescriptor;Lorg/gradle/api/initialization/ProjectDescriptor;Lorg/gradle/api/internal/GradleInternal;Lorg/gradle/api/internal/initialization/ClassLoaderScope;)V+21
j  org.gradle.initialization.NotifyingSettingsLoader.findAndLoadSettings(Lorg/gradle/api/internal/GradleInternal;)Lorg/gradle/api/internal/SettingsInternal;+44
j  org.gradle.initialization.DefaultGradleLauncher.doBuildStages(Lorg/gradle/initialization/DefaultGradleLauncher$Stage;)V+19
j  org.gradle.initialization.DefaultGradleLauncher.access$200(Lorg/gradle/initialization/DefaultGradleLauncher;Lorg/gradle/initialization/DefaultGradleLauncher$Stage;)V+2
j  org.gradle.initialization.DefaultGradleLauncher$1.create()Lorg/gradle/BuildResult;+29
j  org.gradle.initialization.DefaultGradleLauncher$1.create()Ljava/lang/Object;+1
j  org.gradle.internal.progress.DefaultBuildOperationExecutor.run(Lorg/gradle/internal/progress/BuildOperationDetails;Lorg/gradle/internal/Factory;)Ljava/lang/Object;+171
j  org.gradle.internal.progress.DefaultBuildOperationExecutor.run(Ljava/lang/String;Lorg/gradle/internal/Factory;)Ljava/lang/Object;+9
j  org.gradle.initialization.DefaultGradleLauncher.doBuild(Lorg/gradle/initialization/DefaultGradleLauncher$Stage;)Lorg/gradle/BuildResult;+25
j  org.gradle.initialization.DefaultGradleLauncher.run()Lorg/gradle/BuildResult;+4
j  org.gradle.launcher.exec.InProcessBuildActionExecuter$DefaultBuildController.run()Lorg/gradle/api/internal/GradleInternal;+4
j  org.gradle.tooling.internal.provider.runner.BuildModelActionRunner.run(Lorg/gradle/internal/invocation/BuildAction;Lorg/gradle/internal/invocation/BuildController;)V+29
j  org.gradle.launcher.exec.ChainingBuildActionRunner.run(Lorg/gradle/internal/invocation/BuildAction;Lorg/gradle/internal/invocation/BuildController;)V+34
j  org.gradle.tooling.internal.provider.runner.SubscribableBuildActionRunner.run(Lorg/gradle/internal/invocation/BuildAction;Lorg/gradle/internal/invocation/BuildController;)V+37
j  org.gradle.launcher.exec.ChainingBuildActionRunner.run(Lorg/gradle/internal/invocation/BuildAction;Lorg/gradle/internal/invocation/BuildController;)V+34
j  org.gradle.launcher.exec.InProcessBuildActionExecuter.execute(Lorg/gradle/internal/invocation/BuildAction;Lorg/gradle/initialization/BuildRequestContext;Lorg/gradle/launcher/exec/BuildActionParameters;Lorg/gradle/internal/service/ServiceRegistry;)Ljava/lang/Object;+63
j  org.gradle.launcher.exec.InProcessBuildActionExecuter.execute(Lorg/gradle/internal/invocation/BuildAction;Lorg/gradle/initialization/BuildRequestContext;Ljava/lang/Object;Lorg/gradle/internal/service/ServiceRegistry;)Ljava/lang/Object;+9
j  org.gradle.launcher.exec.ContinuousBuildActionExecuter.execute(Lorg/gradle/internal/invocation/BuildAction;Lorg/gradle/initialization/BuildRequestContext;Lorg/gradle/launcher/exec/BuildActionParameters;Lorg/gradle/internal/service/ServiceRegistry;)Ljava/lang/Object;+70
j  org.gradle.launcher.exec.ContinuousBuildActionExecuter.execute(Lorg/gradle/internal/invocation/BuildAction;Lorg/gradle/initialization/BuildRequestContext;Ljava/lang/Object;Lorg/gradle/internal/service/ServiceRegistry;)Ljava/lang/Object;+9
j  org.gradle.launcher.daemon.server.exec.ExecuteBuild.doBuild(Lorg/gradle/launcher/daemon/server/api/DaemonCommandExecution;Lorg/gradle/launcher/daemon/protocol/Build;)V+74
j  org.gradle.launcher.daemon.server.exec.BuildCommandOnly.execute(Lorg/gradle/launcher/daemon/server/api/DaemonCommandExecution;)V+49
j  org.gradle.launcher.daemon.server.api.DaemonCommandExecution.proceed()Z+28
j  org.gradle.launcher.daemon.server.exec.WatchForDisconnection.execute(Lorg/gradle/launcher/daemon/server/api/DaemonCommandExecution;)V+19
j  org.gradle.launcher.daemon.server.api.DaemonCommandExecution.proceed()Z+28
j  org.gradle.launcher.daemon.server.exec.ResetDeprecationLogger.execute(Lorg/gradle/launcher/daemon/server/api/DaemonCommandExecution;)V+4
j  org.gradle.launcher.daemon.server.api.DaemonCommandExecution.proceed()Z+28
j  org.gradle.launcher.daemon.server.exec.RequestStopIfSingleUsedDaemon.execute(Lorg/gradle/launcher/daemon/server/api/DaemonCommandExecution;)V+31
j  org.gradle.launcher.daemon.server.api.DaemonCommandExecution.proceed()Z+28
j  org.gradle.launcher.daemon.server.exec.ForwardClientInput$2.call()Ljava/lang/Void;+4
j  org.gradle.launcher.daemon.server.exec.ForwardClientInput$2.call()Ljava/lang/Object;+1
j  org.gradle.util.Swapper.swap(Ljava/lang/Object;Ljava/util/concurrent/Callable;)Ljava/lang/Object;+21
j  org.gradle.launcher.daemon.server.exec.ForwardClientInput.execute(Lorg/gradle/launcher/daemon/server/api/DaemonCommandExecution;)V+63
j  org.gradle.launcher.daemon.server.api.DaemonCommandExecution.proceed()Z+28
j  org.gradle.launcher.daemon.server.health.DaemonHealthTracker.execute(Lorg/gradle/launcher/daemon/server/api/DaemonCommandExecution;)V+35
j  org.gradle.launcher.daemon.server.api.DaemonCommandExecution.proceed()Z+28
j  org.gradle.launcher.daemon.server.exec.LogToClient.doBuild(Lorg/gradle/launcher/daemon/server/api/DaemonCommandExecution;Lorg/gradle/launcher/daemon/protocol/Build;)V+106
j  org.gradle.launcher.daemon.server.exec.BuildCommandOnly.execute(Lorg/gradle/launcher/daemon/server/api/DaemonCommandExecution;)V+49
j  org.gradle.launcher.daemon.server.api.DaemonCommandExecution.proceed()Z+28
j  org.gradle.launcher.daemon.server.exec.EstablishBuildEnvironment.doBuild(Lorg/gradle/launcher/daemon/server/api/DaemonCommandExecution;Lorg/gradle/launcher/daemon/protocol/Build;)V+243
j  org.gradle.launcher.daemon.server.exec.BuildCommandOnly.execute(Lorg/gradle/launcher/daemon/server/api/DaemonCommandExecution;)V+49
j  org.gradle.launcher.daemon.server.api.DaemonCommandExecution.proceed()Z+28
j  org.gradle.launcher.daemon.server.health.HintGCAfterBuild.execute(Lorg/gradle/launcher/daemon/server/api/DaemonCommandExecution;)V+1
j  org.gradle.launcher.daemon.server.api.DaemonCommandExecution.proceed()Z+28
j  org.gradle.launcher.daemon.server.exec.StartBuildOrRespondWithBusy$1.run()V+44
j  org.gradle.launcher.daemon.server.DaemonStateCoordinator$1.run()V+4
j  org.gradle.internal.concurrent.ExecutorPolicy$CatchAndRecordFailures.onExecute(Ljava/lang/Runnable;)V+1
j  org.gradle.internal.concurrent.StoppableExecutorImpl$1.run()V+25
j  java.util.concurrent.ThreadPoolExecutor.runWorker(Ljava/util/concurrent/ThreadPoolExecutor$Worker;)V+95
j  java.util.concurrent.ThreadPoolExecutor$Worker.run()V+5
j  java.lang.Thread.run()V+11
v  ~StubRoutines::call_stub

---------------  P R O C E S S  ---------------

Java Threads: ( => current thread )
  0x000000001d0f0000 JavaThread "Stdin handler" [_thread_blocked, id=12900, stack(0x000000001bdb0000,0x000000001beb0000)]
=>0x000000001d0eb000 JavaThread "Daemon worker Thread 5" [_thread_in_vm, id=12168, stack(0x0000000019310000,0x0000000019410000)]
  0x000000001d0ed800 JavaThread "Cancel handler" [_thread_blocked, id=12960, stack(0x0000000019210000,0x0000000019310000)]
  0x000000001d0e8000 JavaThread "Handler for socket connection from /127.0.0.1:55158 to /127.0.0.1:50150" [_thread_in_native, id=13604, stack(0x0000000019110000,0x0000000019210000)]
  0x000000001d0ea800 JavaThread "Daemon Thread 5" [_thread_blocked, id=12600, stack(0x0000000019010000,0x0000000019110000)]
  0x0000000017e8c000 JavaThread "File lock request listener" [_thread_in_native, id=12348, stack(0x0000000019b10000,0x0000000019c10000)]
  0x0000000017ff2800 JavaThread "Incoming local TCP Connector on port 55158" [_thread_in_native, id=12720, stack(0x0000000017960000,0x0000000017a60000)]
  0x0000000016b89000 JavaThread "Service Thread" daemon [_thread_blocked, id=7328, stack(0x0000000016f60000,0x0000000017060000)]
  0x00000000151f3800 JavaThread "C1 CompilerThread2" daemon [_thread_blocked, id=3216, stack(0x0000000016a60000,0x0000000016b60000)]
  0x00000000151ed800 JavaThread "C2 CompilerThread1" daemon [_thread_blocked, id=13040, stack(0x0000000016960000,0x0000000016a60000)]
  0x00000000151fa800 JavaThread "C2 CompilerThread0" daemon [_thread_blocked, id=11756, stack(0x0000000016860000,0x0000000016960000)]
  0x00000000151f8800 JavaThread "Attach Listener" daemon [_thread_blocked, id=13292, stack(0x0000000016760000,0x0000000016860000)]
  0x00000000151f7000 JavaThread "Signal Dispatcher" daemon [_thread_blocked, id=7676, stack(0x0000000016660000,0x0000000016760000)]
  0x0000000002ae7800 JavaThread "Finalizer" daemon [_thread_blocked, id=9040, stack(0x0000000016470000,0x0000000016570000)]
  0x0000000002ade800 JavaThread "Reference Handler" daemon [_thread_blocked, id=4676, stack(0x0000000016370000,0x0000000016470000)]
  0x00000000029ee800 JavaThread "main" [_thread_blocked, id=12564, stack(0x00000000028c0000,0x00000000029c0000)]

Other Threads:
  0x00000000151b8000 VMThread [stack: 0x0000000016270000,0x0000000016370000] [id=12084]
  0x0000000016b8d800 WatcherThread [stack: 0x0000000017060000,0x0000000017160000] [id=9244]

VM state:synchronizing (normal execution)

VM Mutex/Monitor currently owned by a thread:  ([mutex/lock_event])
[0x00000000029edf30] Threads_lock - owner thread: 0x00000000151b8000

Heap:
 PSYoungGen      total 210944K, used 16944K [0x00000000eab00000, 0x00000000f8580000, 0x0000000100000000)
  eden space 198144K, 8% used [0x00000000eab00000,0x00000000ebb8c2a8,0x00000000f6c80000)
  from space 12800K, 0% used [0x00000000f6c80000,0x00000000f6c80000,0x00000000f7900000)
  to   space 12800K, 0% used [0x00000000f7900000,0x00000000f7900000,0x00000000f8580000)
 ParOldGen       total 95744K, used 26439K [0x00000000c0000000, 0x00000000c5d80000, 0x00000000eab00000)
  object space 95744K, 27% used [0x00000000c0000000,0x00000000c19d1f00,0x00000000c5d80000)
 Metaspace       used 55244K, capacity 56310K, committed 59904K, reserved 1101824K
  class space    used 7117K, capacity 7301K, committed 8192K, reserved 1048576K

Card table byte_map: [0x0000000011ec0000,0x00000000120d0000] byte_map_base: 0x00000000118c0000

Marking Bits: (ParMarkBitMap*) 0x0000000077f7a5b0
 Begin Bits: [0x0000000012630000, 0x0000000013630000)
 End Bits:   [0x0000000013630000, 0x0000000014630000)

Polling page: 0x00000000029c0000

CodeCache: size=245760Kb used=35667Kb max_used=35723Kb free=210092Kb
 bounds [0x0000000002b00000, 0x0000000004e30000, 0x0000000011b00000]
 total_blobs=10469 nmethods=9748 adapters=631
 compilation: enabled

Compilation events (10 events):
Event: 3253.057 Thread 0x00000000151fa800 nmethod 12308 0x000000000314a750 code [0x000000000314a8a0, 0x000000000314a978]
Event: 3253.079 Thread 0x00000000151ed800 nmethod 12293 0x0000000004e0ee10 code [0x0000000004e101c0, 0x0000000004e18c30]
Event: 3253.169 Thread 0x00000000151f3800 12303       3       org.codehaus.groovy.reflection.ParameterTypes::getParameterTypes (16 bytes)
Event: 3253.169 Thread 0x00000000151f3800 nmethod 12303 0x0000000003716e50 code [0x0000000003716fc0, 0x00000000037171a8]
Event: 3253.902 Thread 0x00000000151f3800 12302       3       java.beans.MethodRef::get (92 bytes)
Event: 3253.960 Thread 0x00000000151f3800 nmethod 12302 0x00000000043f8b10 code [0x00000000043f8d40, 0x00000000043f9ac8]
Event: 3254.530 Thread 0x00000000151fa800 12310       4       java.lang.reflect.Method::isBridge (16 bytes)
Event: 3254.530 Thread 0x00000000151fa800 nmethod 12310 0x000000000339dad0 code [0x000000000339dc00, 0x000000000339dc78]
Event: 3255.023 Thread 0x00000000151f3800 12307  s!   3       java.beans.PropertyDescriptor::getWriteMethod (165 bytes)
Event: 3255.026 Thread 0x00000000151f3800 nmethod 12307 0x00000000036d7dd0 code [0x00000000036d8100, 0x00000000036d9ff8]

GC Heap History (10 events):
Event: 668.570 GC heap before
{Heap before GC invocations=32 (full 5):
 PSYoungGen      total 188928K, used 174592K [0x00000000eab00000, 0x00000000f7180000, 0x0000000100000000)
  eden space 174592K, 100% used [0x00000000eab00000,0x00000000f5580000,0x00000000f5580000)
  from space 14336K, 0% used [0x00000000f6380000,0x00000000f6380000,0x00000000f7180000)
  to   space 14336K, 0% used [0x00000000f5580000,0x00000000f5580000,0x00000000f6380000)
 ParOldGen       total 95744K, used 47135K [0x00000000c0000000, 0x00000000c5d80000, 0x00000000eab00000)
  object space 95744K, 49% used [0x00000000c0000000,0x00000000c2e07d10,0x00000000c5d80000)
 Metaspace       used 55030K, capacity 57570K, committed 57856K, reserved 1099776K
  class space    used 7347K, capacity 7911K, committed 7936K, reserved 1048576K
Event: 676.696 GC heap after
Heap after GC invocations=32 (full 5):
 PSYoungGen      total 188928K, used 5690K [0x00000000eab00000, 0x00000000f8680000, 0x0000000100000000)
  eden space 174592K, 0% used [0x00000000eab00000,0x00000000eab00000,0x00000000f5580000)
  from space 14336K, 39% used [0x00000000f5580000,0x00000000f5b0e8d8,0x00000000f6380000)
  to   space 13312K, 0% used [0x00000000f7980000,0x00000000f7980000,0x00000000f8680000)
 ParOldGen       total 95744K, used 47143K [0x00000000c0000000, 0x00000000c5d80000, 0x00000000eab00000)
  object space 95744K, 49% used [0x00000000c0000000,0x00000000c2e09d10,0x00000000c5d80000)
 Metaspace       used 55030K, capacity 57570K, committed 57856K, reserved 1099776K
  class space    used 7347K, capacity 7911K, committed 7936K, reserved 1048576K
}
Event: 745.866 GC heap before
{Heap before GC invocations=33 (full 5):
 PSYoungGen      total 188928K, used 35450K [0x00000000eab00000, 0x00000000f8680000, 0x0000000100000000)
  eden space 174592K, 17% used [0x00000000eab00000,0x00000000ec8102c0,0x00000000f5580000)
  from space 14336K, 39% used [0x00000000f5580000,0x00000000f5b0e8d8,0x00000000f6380000)
  to   space 13312K, 0% used [0x00000000f7980000,0x00000000f7980000,0x00000000f8680000)
 ParOldGen       total 95744K, used 47143K [0x00000000c0000000, 0x00000000c5d80000, 0x00000000eab00000)
  object space 95744K, 49% used [0x00000000c0000000,0x00000000c2e09d10,0x00000000c5d80000)
 Metaspace       used 56707K, capacity 59202K, committed 59392K, reserved 1099776K
  class space    used 7555K, capacity 8135K, committed 8192K, reserved 1048576K
Event: 745.872 GC heap after
Heap after GC invocations=33 (full 5):
 PSYoungGen      total 210432K, used 3578K [0x00000000eab00000, 0x00000000f8580000, 0x0000000100000000)
  eden space 198144K, 0% used [0x00000000eab00000,0x00000000eab00000,0x00000000f6c80000)
  from space 12288K, 29% used [0x00000000f7980000,0x00000000f7cfea90,0x00000000f8580000)
  to   space 12800K, 0% used [0x00000000f6c80000,0x00000000f6c80000,0x00000000f7900000)
 ParOldGen       total 95744K, used 47151K [0x00000000c0000000, 0x00000000c5d80000, 0x00000000eab00000)
  object space 95744K, 49% used [0x00000000c0000000,0x00000000c2e0bd10,0x00000000c5d80000)
 Metaspace       used 56707K, capacity 59202K, committed 59392K, reserved 1099776K
  class space    used 7555K, capacity 8135K, committed 8192K, reserved 1048576K
}
Event: 745.872 GC heap before
{Heap before GC invocations=34 (full 6):
 PSYoungGen      total 210432K, used 3578K [0x00000000eab00000, 0x00000000f8580000, 0x0000000100000000)
  eden space 198144K, 0% used [0x00000000eab00000,0x00000000eab00000,0x00000000f6c80000)
  from space 12288K, 29% used [0x00000000f7980000,0x00000000f7cfea90,0x00000000f8580000)
  to   space 12800K, 0% used [0x00000000f6c80000,0x00000000f6c80000,0x00000000f7900000)
 ParOldGen       total 95744K, used 47151K [0x00000000c0000000, 0x00000000c5d80000, 0x00000000eab00000)
  object space 95744K, 49% used [0x00000000c0000000,0x00000000c2e0bd10,0x00000000c5d80000)
 Metaspace       used 56707K, capacity 59202K, committed 59392K, reserved 1099776K
  class space    used 7555K, capacity 8135K, committed 8192K, reserved 1048576K
Event: 749.911 GC heap after
Heap after GC invocations=34 (full 6):
 PSYoungGen      total 210432K, used 0K [0x00000000eab00000, 0x00000000f8580000, 0x0000000100000000)
  eden space 198144K, 0% used [0x00000000eab00000,0x00000000eab00000,0x00000000f6c80000)
  from space 12288K, 0% used [0x00000000f7980000,0x00000000f7980000,0x00000000f8580000)
  to   space 12800K, 0% used [0x00000000f6c80000,0x00000000f6c80000,0x00000000f7900000)
 ParOldGen       total 95744K, used 49555K [0x00000000c0000000, 0x00000000c5d80000, 0x00000000eab00000)
  object space 95744K, 51% used [0x00000000c0000000,0x00000000c3064df8,0x00000000c5d80000)
 Metaspace       used 56707K, capacity 59202K, committed 59392K, reserved 1099776K
  class space    used 7555K, capacity 8135K, committed 8192K, reserved 1048576K
}
Event: 2118.042 GC heap before
{Heap before GC invocations=35 (full 6):
 PSYoungGen      total 210432K, used 164910K [0x00000000eab00000, 0x00000000f8580000, 0x0000000100000000)
  eden space 198144K, 83% used [0x00000000eab00000,0x00000000f4c0b9d8,0x00000000f6c80000)
  from space 12288K, 0% used [0x00000000f7980000,0x00000000f7980000,0x00000000f8580000)
  to   space 12800K, 0% used [0x00000000f6c80000,0x00000000f6c80000,0x00000000f7900000)
 ParOldGen       total 95744K, used 49555K [0x00000000c0000000, 0x00000000c5d80000, 0x00000000eab00000)
  object space 95744K, 51% used [0x00000000c0000000,0x00000000c3064df8,0x00000000c5d80000)
 Metaspace       used 57082K, capacity 59854K, committed 59904K, reserved 1101824K
  class space    used 7586K, capacity 8182K, committed 8192K, reserved 1048576K
Event: 2118.109 GC heap after
Heap after GC invocations=35 (full 6):
 PSYoungGen      total 210944K, used 1983K [0x00000000eab00000, 0x00000000f8580000, 0x0000000100000000)
  eden space 198144K, 0% used [0x00000000eab00000,0x00000000eab00000,0x00000000f6c80000)
  from space 12800K, 15% used [0x00000000f6c80000,0x00000000f6e6fc50,0x00000000f7900000)
  to   space 12800K, 0% used [0x00000000f7900000,0x00000000f7900000,0x00000000f8580000)
 ParOldGen       total 95744K, used 49563K [0x00000000c0000000, 0x00000000c5d80000, 0x00000000eab00000)
  object space 95744K, 51% used [0x00000000c0000000,0x00000000c3066df8,0x00000000c5d80000)
 Metaspace       used 57082K, capacity 59854K, committed 59904K, reserved 1101824K
  class space    used 7586K, capacity 8182K, committed 8192K, reserved 1048576K
}
Event: 2118.109 GC heap before
{Heap before GC invocations=36 (full 7):
 PSYoungGen      total 210944K, used 1983K [0x00000000eab00000, 0x00000000f8580000, 0x0000000100000000)
  eden space 198144K, 0% used [0x00000000eab00000,0x00000000eab00000,0x00000000f6c80000)
  from space 12800K, 15% used [0x00000000f6c80000,0x00000000f6e6fc50,0x00000000f7900000)
  to   space 12800K, 0% used [0x00000000f7900000,0x00000000f7900000,0x00000000f8580000)
 ParOldGen       total 95744K, used 49563K [0x00000000c0000000, 0x00000000c5d80000, 0x00000000eab00000)
  object space 95744K, 51% used [0x00000000c0000000,0x00000000c3066df8,0x00000000c5d80000)
 Metaspace       used 57082K, capacity 59854K, committed 59904K, reserved 1101824K
  class space    used 7586K, capacity 8182K, committed 8192K, reserved 1048576K
Event: 2118.596 GC heap after
Heap after GC invocations=36 (full 7):
 PSYoungGen      total 210944K, used 0K [0x00000000eab00000, 0x00000000f8580000, 0x0000000100000000)
  eden space 198144K, 0% used [0x00000000eab00000,0x00000000eab00000,0x00000000f6c80000)
  from space 12800K, 0% used [0x00000000f6c80000,0x00000000f6c80000,0x00000000f7900000)
  to   space 12800K, 0% used [0x00000000f7900000,0x00000000f7900000,0x00000000f8580000)
 ParOldGen       total 95744K, used 26439K [0x00000000c0000000, 0x00000000c5d80000, 0x00000000eab00000)
  object space 95744K, 27% used [0x00000000c0000000,0x00000000c19d1f00,0x00000000c5d80000)
 Metaspace       used 55046K, capacity 56022K, committed 59904K, reserved 1101824K
  class space    used 7089K, capacity 7251K, committed 8192K, reserved 1048576K
}

Deoptimization events (10 events):
Event: 2118.778 Thread 0x000000001d0ea800 Uncommon trap: reason=unstable_if action=reinterpret pc=0x000000000391c404 method=java.lang.ref.SoftReference.get()Ljava/lang/Object; @ 6
Event: 3248.809 Thread 0x000000001d0eb000 Uncommon trap: reason=unstable_if action=reinterpret pc=0x0000000003d23010 method=java.lang.ref.SoftReference.get()Ljava/lang/Object; @ 6
Event: 3249.003 Thread 0x000000001d0eb000 Uncommon trap: reason=unstable_if action=reinterpret pc=0x00000000037dad0c method=java.lang.ref.SoftReference.get()Ljava/lang/Object; @ 6
Event: 3249.026 Thread 0x000000001d0eb000 Uncommon trap: reason=unstable_if action=reinterpret pc=0x0000000003c7f398 method=java.lang.ref.SoftReference.get()Ljava/lang/Object; @ 6
Event: 3249.582 Thread 0x000000001d0eb000 Uncommon trap: reason=unstable_if action=reinterpret pc=0x000000000398e640 method=java.lang.ref.SoftReference.get()Ljava/lang/Object; @ 6
Event: 3249.597 Thread 0x000000001d0eb000 Uncommon trap: reason=unstable_if action=reinterpret pc=0x00000000037d9b94 method=java.lang.ref.SoftReference.get()Ljava/lang/Object; @ 6
Event: 3249.650 Thread 0x000000001d0eb000 Uncommon trap: reason=unstable_if action=reinterpret pc=0x0000000003a5d5c0 method=java.lang.ref.SoftReference.get()Ljava/lang/Object; @ 6
Event: 3252.105 Thread 0x000000001d0eb000 Uncommon trap: reason=unstable_if action=reinterpret pc=0x00000000033551a8 method=java.lang.ref.SoftReference.get()Ljava/lang/Object; @ 6
Event: 3252.593 Thread 0x000000001d0eb000 Uncommon trap: reason=unstable_if action=reinterpret pc=0x000000000328c6e8 method=java.lang.ref.SoftReference.get()Ljava/lang/Object; @ 6
Event: 3252.866 Thread 0x000000001d0eb000 Uncommon trap: reason=unstable_if action=reinterpret pc=0x000000000377ce0c method=java.lang.ref.SoftReference.get()Ljava/lang/Object; @ 6

Internal exceptions (10 events):
Event: 3247.078 Thread 0x000000001d0e8000 Exception <a 'java/lang/NoSuchMethodError': <clinit>> (0x00000000eaf03d38) thrown at [C:\workspace\8-2-build-windows-amd64-cygwin\jdk8u65\4987\hotspot\src\share\vm\prims\jni.cpp, line 1591]
Event: 3248.080 Thread 0x000000001d0eb000 Exception <a 'java/lang/NoSuchMethodError': <clinit>> (0x00000000eaffa1b0) thrown at [C:\workspace\8-2-build-windows-amd64-cygwin\jdk8u65\4987\hotspot\src\share\vm\prims\jni.cpp, line 1591]
Event: 3248.081 Thread 0x000000001d0eb000 Exception <a 'java/lang/NoSuchMethodError': <clinit>> (0x00000000eb0023d0) thrown at [C:\workspace\8-2-build-windows-amd64-cygwin\jdk8u65\4987\hotspot\src\share\vm\prims\jni.cpp, line 1591]
Event: 3249.003 Thread 0x000000001d0eb000 Implicit null exception at 0x00000000037da783 to 0x00000000037daced
Event: 3249.017 Thread 0x000000001d0eb000 Implicit null exception at 0x0000000003c774ad to 0x0000000003c7f379
Event: 3249.551 Thread 0x000000001d0eb000 Implicit null exception at 0x000000000398dc41 to 0x000000000398e625
Event: 3249.597 Thread 0x000000001d0eb000 Implicit null exception at 0x00000000037d9523 to 0x00000000037d9b81
Event: 3249.650 Thread 0x000000001d0eb000 Implicit null exception at 0x0000000003a5cbc1 to 0x0000000003a5d5a5
Event: 3252.226 Thread 0x000000001d0eb000 Exception <a 'java/lang/ClassNotFoundException': asLocalRepo36_2kgbc254y2jpd03jh45nv68oaBeanInfo> (0x00000000eb2891b0) thrown at [C:\workspace\8-2-build-windows-amd64-cygwin\jdk8u65\4987\hotspot\src\share\vm\classfile\systemDictionary.cpp, line 210]
Event: 3252.243 Thread 0x000000001d0eb000 Exception <a 'java/lang/ClassNotFoundException': asLocalRepo36_2kgbc254y2jpd03jh45nv68oaCustomizer> (0x00000000eb292670) thrown at [C:\workspace\8-2-build-windows-amd64-cygwin\jdk8u65\4987\hotspot\src\share\vm\classfile\systemDictionary.cpp, line 210]

Events (10 events):
Event: 3254.496 Thread 0x00000000151f3800 flushing nmethod 0x0000000003da68d0
Event: 3254.525 loading class groovy/runtime/metaclass/org/gradle/api/internal/project/DefaultProject_DecoratedMetaClass
Event: 3254.525 loading class groovy/runtime/metaclass/org/gradle/api/internal/project/DefaultProject_DecoratedMetaClass done
Event: 3254.562 Thread 0x00000000151f3800 flushing nmethod 0x0000000003dd9990
Event: 3254.773 Thread 0x00000000151f3800 flushing nmethod 0x0000000003e7b1d0
Event: 3254.919 Thread 0x00000000151f3800 flushing nmethod 0x0000000003e9da90
Event: 3255.026 Thread 0x00000000151f3800 flushing nmethod 0x0000000003f36d10
Event: 3255.282 Thread 0x00000000151f3800 flushing nmethod 0x0000000004024990
Event: 3255.545 Thread 0x00000000151f3800 flushing nmethod 0x0000000004059990
Event: 3255.587 Thread 0x00000000151f3800 flushing nmethod 0x000000000405c950


Dynamic libraries:
0x00007ff7f8340000 - 0x00007ff7f8377000 	C:\Program Files\Java\jdk1.8.0_65\bin\java.exe
0x00007ff966390000 - 0x00007ff96653d000 	C:\WINDOWS\SYSTEM32\ntdll.dll
0x00007ff965e20000 - 0x00007ff965f5e000 	C:\WINDOWS\system32\KERNEL32.DLL
0x00007ff9638f0000 - 0x00007ff963a05000 	C:\WINDOWS\system32\KERNELBASE.dll
0x00007ff961ed0000 - 0x00007ff961f5e000 	C:\WINDOWS\system32\apphelp.dll
0x00007ff946210000 - 0x00007ff946263000 	C:\WINDOWS\AppPatch\AppPatch64\AcGenral.DLL
0x00007ff965290000 - 0x00007ff96533a000 	C:\WINDOWS\system32\msvcrt.dll
0x00007ff9632b0000 - 0x00007ff9632de000 	C:\WINDOWS\SYSTEM32\SspiCli.dll
0x00007ff965f60000 - 0x00007ff965fb4000 	C:\WINDOWS\system32\SHLWAPI.dll
0x00007ff966210000 - 0x00007ff966387000 	C:\WINDOWS\system32\USER32.dll
0x00007ff965bc0000 - 0x00007ff965d54000 	C:\WINDOWS\system32\ole32.dll
0x00007ff963a70000 - 0x00007ff964f9a000 	C:\WINDOWS\system32\SHELL32.dll
0x00007ff962a80000 - 0x00007ff962aa1000 	C:\WINDOWS\SYSTEM32\USERENV.dll
0x00007ff9658e0000 - 0x00007ff96598a000 	C:\WINDOWS\system32\ADVAPI32.dll
0x00007ff956080000 - 0x00007ff95609e000 	C:\WINDOWS\SYSTEM32\MPR.dll
0x00007ff965fc0000 - 0x00007ff966101000 	C:\WINDOWS\system32\RPCRT4.dll
0x00007ff963a10000 - 0x00007ff963a69000 	C:\WINDOWS\SYSTEM32\sechost.dll
0x00007ff965500000 - 0x00007ff965711000 	C:\WINDOWS\SYSTEM32\combase.dll
0x00007ff9653b0000 - 0x00007ff965500000 	C:\WINDOWS\system32\GDI32.dll
0x00007ff9634e0000 - 0x00007ff9634f5000 	C:\WINDOWS\SYSTEM32\profapi.dll
0x00007ff961b30000 - 0x00007ff961be2000 	C:\WINDOWS\SYSTEM32\SHCORE.dll
0x00007ff964fa0000 - 0x00007ff964fd6000 	C:\WINDOWS\system32\IMM32.DLL
0x00007ff965720000 - 0x00007ff965872000 	C:\WINDOWS\system32\MSCTF.dll
0x00007ff9616b0000 - 0x00007ff96192b000 	C:\WINDOWS\WinSxS\amd64_microsoft.windows.common-controls_6595b64144ccf1df_6.0.9600.18006_none_623f33d3ecbe86e8\COMCTL32.dll
0x0000000051c00000 - 0x0000000051cd2000 	C:\Program Files\Java\jdk1.8.0_65\jre\bin\msvcr100.dll
0x0000000077770000 - 0x0000000077ff9000 	C:\Program Files\Java\jdk1.8.0_65\jre\bin\server\jvm.dll
0x00007ff959e10000 - 0x00007ff959e19000 	C:\WINDOWS\SYSTEM32\WSOCK32.dll
0x00007ff95b670000 - 0x00007ff95b692000 	C:\WINDOWS\SYSTEM32\WINMM.dll
0x00007ff95a6b0000 - 0x00007ff95a6ba000 	C:\WINDOWS\SYSTEM32\VERSION.dll
0x00007ff966110000 - 0x00007ff966117000 	C:\WINDOWS\system32\PSAPI.DLL
0x00007ff965880000 - 0x00007ff9658da000 	C:\WINDOWS\system32\WS2_32.dll
0x00007ff95af00000 - 0x00007ff95af2a000 	C:\WINDOWS\SYSTEM32\WINMMBASE.dll
0x00007ff966120000 - 0x00007ff966129000 	C:\WINDOWS\system32\NSI.dll
0x00007ff9638a0000 - 0x00007ff9638ef000 	C:\WINDOWS\SYSTEM32\cfgmgr32.dll
0x00007ff9622d0000 - 0x00007ff9622f8000 	C:\WINDOWS\SYSTEM32\DEVOBJ.dll
0x0000000052400000 - 0x000000005240f000 	C:\Program Files\Java\jdk1.8.0_65\jre\bin\verify.dll
0x00000000523d0000 - 0x00000000523f9000 	C:\Program Files\Java\jdk1.8.0_65\jre\bin\java.dll
0x00000000523b0000 - 0x00000000523c6000 	C:\Program Files\Java\jdk1.8.0_65\jre\bin\zip.dll
0x0000000052390000 - 0x00000000523aa000 	C:\Program Files\Java\jdk1.8.0_65\jre\bin\net.dll
0x00007ff962cf0000 - 0x00007ff962d49000 	C:\WINDOWS\system32\mswsock.dll
0x0000000052370000 - 0x0000000052381000 	C:\Program Files\Java\jdk1.8.0_65\jre\bin\nio.dll
0x00007ff94bd00000 - 0x00007ff94bd12000 	C:\Users\jessa\.gradle\native\19\windows-amd64\native-platform.dll
0x00007ff95e830000 - 0x00007ff95e85a000 	C:\WINDOWS\SYSTEM32\IPHLPAPI.DLL
0x00007ff95e810000 - 0x00007ff95e81a000 	C:\WINDOWS\SYSTEM32\WINNSI.DLL
0x00007ff95e380000 - 0x00007ff95e396000 	C:\WINDOWS\SYSTEM32\dhcpcsvc6.DLL
0x00007ff95e5a0000 - 0x00007ff95e5ba000 	C:\WINDOWS\SYSTEM32\dhcpcsvc.DLL
0x00007ff962d50000 - 0x00007ff962d70000 	C:\WINDOWS\SYSTEM32\CRYPTSP.dll
0x00007ff962970000 - 0x00007ff9629a6000 	C:\WINDOWS\system32\rsaenh.dll
0x00007ff962fa0000 - 0x00007ff962fc6000 	C:\WINDOWS\SYSTEM32\bcrypt.dll
0x00007ff9632e0000 - 0x00007ff963343000 	C:\WINDOWS\system32\bcryptprimitives.dll
0x00007ff9633b0000 - 0x00007ff9633bb000 	C:\WINDOWS\SYSTEM32\CRYPTBASE.dll
0x0000000052160000 - 0x000000005216d000 	C:\Program Files\Java\jdk1.8.0_65\jre\bin\management.dll
0x00007ff954200000 - 0x00007ff954389000 	C:\WINDOWS\SYSTEM32\dbghelp.dll

VM Arguments:
jvm_args: -XX:MaxPermSize=256m -XX:+HeapDumpOnOutOfMemoryError -Xmx1024m -Dfile.encoding=windows-1252 -Duser.country=IE -Duser.language=en -Duser.variant 
java_command: org.gradle.launcher.daemon.bootstrap.GradleDaemon 2.8
java_class_path (initial): C:\Program Files\Android\Android Studio\gradle\gradle-2.8\lib\gradle-launcher-2.8.jar
Launcher Type: SUN_STANDARD

Environment Variables:
PATH=C:\Program Files (x86)\NVIDIA Corporation\PhysX\Common;C:\ProgramData\Oracle\Java\javapath;C:\Program Files\Haskell\bin;C:\Program Files\Haskell Platform\7.10.2-a\lib\extralibs\bin;C:\Program Files\Haskell Platform\7.10.2-a\bin;C:\Program Files (x86)\Intel\iCLS Client\;C:\Program Files\Intel\iCLS Client\;C:\Windows\system32;C:\Windows;C:\Windows\System32\Wbem;C:\Windows\System32\WindowsPowerShell\v1.0\;C:\Program Files (x86)\Acer\abFiles\;C:\Program Files\Intel\Intel(R) Management Engine Components\DAL;C:\Program Files (x86)\Intel\Intel(R) Management Engine Components\DAL;C:\Program Files\Intel\Intel(R) Management Engine Components\IPT;C:\Program Files (x86)\Intel\Intel(R) Management Engine Components\IPT;C:\Program Files\Intel\WiFi\bin\;C:\Program Files\Common Files\Intel\WirelessCommon\;C:\Program Files (x86)\Skype\Phone\;C:\cygwin64\bin;C:\Python27;C:\Users\jessa\AppData\Roaming\cabal\bin;C:\Program Files (x86)\Intel\iCLS Client\;C:\Program Files\Intel\iCLS Client\;C:\Windows\system32;C:\Windows;C:\Windows\System32\Wbem;C:\Windows\System32\WindowsPowerShell\v1.0\;C:\Program Files (x86)\Acer\abFiles\;C:\Program Files\Intel\Intel(R) Management Engine Components\DAL;C:\Program Files (x86)\Intel\Intel(R) Management Engine Components\DAL;C:\Program Files\Intel\Intel(R) Management Engine Components\IPT;C:\Program Files (x86)\Intel\Intel(R) Management Engine Components\IPT;C:\Program Files\Intel\WiFi\bin\;C:\Program Files\Common Files\Intel\WirelessCommon\;C:\Users\jessa\AppData\Local\Programs\Git\cmd
USERNAME=jessa
OS=Windows_NT
PROCESSOR_IDENTIFIER=Intel64 Family 6 Model 61 Stepping 4, GenuineIntel



---------------  S Y S T E M  ---------------

OS: Windows 8.1 , 64 bit Build 9600 (6.3.9600.17415)

CPU:total 4 (2 cores per cpu, 2 threads per core) family 6 model 61 stepping 4, cmov, cx8, fxsr, mmx, sse, sse2, sse3, ssse3, sse4.1, sse4.2, popcnt, avx, avx2, aes, clmul, erms, 3dnowpref, lzcnt, ht, tsc, tscinvbit, bmi1, bmi2, adx

Memory: 4k page, physical 4106576k(266140k free), swap 7468800k(1183156k free)

vm_info: Java HotSpot(TM) 64-Bit Server VM (25.65-b01) for windows-amd64 JRE (1.8.0_65-b17), built on Oct  6 2015 16:39:20 by "java_re" with MS VC++ 10.0 (VS2010)

time: Mon Feb 29 03:08:46 2016
elapsed time: 3256 seconds (0d 0h 54m 16s)

